125	1.000000	nohelmet/1456.jpg
86	1.000000	nohelmet/1282.jpg
132	1.000000	nohelmet/1487.jpg
246	1.000000	nohelmet/359.jpg
250	1.000000	nohelmet/381.jpg
363	1.000000	nohelmet/862.jpg
278	1.000000	nohelmet/494.jpg
45	1.000000	nohelmet/1070.jpg
355	1.000000	nohelmet/812.jpg
119	1.000000	nohelmet/1438.jpg
352	1.000000	nohelmet/8.jpg
136	1.000000	nohelmet/1498.jpg
196	1.000000	nohelmet/1785.jpg
166	1.000000	nohelmet/1656.jpg
360	1.000000	nohelmet/840.jpg
139	1.000000	nohelmet/1514.jpg
159	1.000000	nohelmet/1615.jpg
49	1.000000	nohelmet/1083.jpg
219	1.000000	nohelmet/236.jpg
329	1.000000	nohelmet/705.jpg
264	1.000000	nohelmet/452.jpg
274	1.000000	nohelmet/485.jpg
224	1.000000	nohelmet/256.jpg
303	1.000000	nohelmet/627.jpg
155	1.000000	nohelmet/1605.jpg
315	1.000000	nohelmet/66.jpg
364	1.000000	nohelmet/863.jpg
353	1.000000	nohelmet/800.jpg
138	1.000000	nohelmet/1513.jpg
241	1.000000	nohelmet/32.jpg
52	1.000000	nohelmet/1100.jpg
322	1.000000	nohelmet/678.jpg
133	1.000000	nohelmet/1491.jpg
267	1.000000	nohelmet/470.jpg
55	1.000000	nohelmet/112.jpg
293	1.000000	nohelmet/582.jpg
367	1.000000	nohelmet/887.jpg
287	1.000000	nohelmet/538.jpg
269	1.000000	nohelmet/477.jpg
333	1.000000	nohelmet/726.jpg
200	1.000000	nohelmet/1811.jpg
330	1.000000	nohelmet/717.jpg
323	1.000000	nohelmet/683.jpg
93	1.000000	nohelmet/130.jpg
193	1.000000	nohelmet/1774.jpg
143	1.000000	nohelmet/1553.jpg
256	1.000000	nohelmet/423.jpg
297	1.000000	nohelmet/60.jpg
317	1.000000	nohelmet/668.jpg
116	1.000000	nohelmet/1430.jpg
191	1.000000	nohelmet/1764.jpg
258	1.000000	nohelmet/433.jpg
30	1.000000	nohelmet/1.jpg
135	1.000000	nohelmet/1496.jpg
33	1.000000	nohelmet/1012.jpg
79	1.000000	nohelmet/123.jpg
87	1.000000	nohelmet/1284.jpg
239	1.000000	nohelmet/318.jpg
373	1.000000	nohelmet/906.jpg
7	0.000000	helmet/114.jpg
42	1.000000	nohelmet/1050.jpg
260	1.000000	nohelmet/441.jpg
152	1.000000	nohelmet/1595.jpg
109	1.000000	nohelmet/14.jpg
350	1.000000	nohelmet/783.jpg
195	1.000000	nohelmet/178.jpg
73	1.000000	nohelmet/120.jpg
10	0.000000	helmet/15.jpg
368	1.000000	nohelmet/888.jpg
245	1.000000	nohelmet/350.jpg
249	1.000000	nohelmet/378.jpg
137	1.000000	nohelmet/15.jpg
389	1.000000	nohelmet/965.jpg
118	1.000000	nohelmet/1437.jpg
349	1.000000	nohelmet/777.jpg
204	1.000000	nohelmet/1829.jpg
220	1.000000	nohelmet/238.jpg
78	1.000000	nohelmet/1227.jpg
146	1.000000	nohelmet/1563.jpg
370	1.000000	nohelmet/896.jpg
38	1.000000	nohelmet/1032.jpg
115	1.000000	nohelmet/1419.jpg
15	0.000000	helmet/36.jpg
390	1.000000	nohelmet/974.jpg
291	1.000000	nohelmet/562.jpg
318	1.000000	nohelmet/669.jpg
313	1.000000	nohelmet/654.jpg
145	1.000000	nohelmet/1560.jpg
95	1.000000	nohelmet/1313.jpg
225	1.000000	nohelmet/257.jpg
335	1.000000	nohelmet/729.jpg
341	1.000000	nohelmet/741.jpg
398	1.000000	nohelmet/999.jpg
161	1.000000	nohelmet/1621.jpg
23	0.000000	helmet/8.jpg
88	1.000000	nohelmet/1287.jpg
346	1.000000	nohelmet/764.jpg
292	1.000000	nohelmet/565.jpg
67	1.000000	nohelmet/1149.jpg
338	1.000000	nohelmet/736.jpg
190	1.000000	nohelmet/1751.jpg
163	1.000000	nohelmet/1630.jpg
280	1.000000	nohelmet/509.jpg
344	1.000000	nohelmet/751.jpg
347	1.000000	nohelmet/770.jpg
314	1.000000	nohelmet/659.jpg
356	1.000000	nohelmet/813.jpg
381	1.000000	nohelmet/946.jpg
169	1.000000	nohelmet/1670.jpg
65	1.000000	nohelmet/114.jpg
216	1.000000	nohelmet/22.jpg
305	1.000000	nohelmet/629.jpg
94	1.000000	nohelmet/1310.jpg
343	1.000000	nohelmet/747.jpg
150	1.000000	nohelmet/1584.jpg
273	1.000000	nohelmet/484.jpg
310	1.000000	nohelmet/644.jpg
16	0.000000	helmet/39.jpg
151	1.000000	nohelmet/159.jpg
70	1.000000	nohelmet/1172.jpg
14	0.000000	helmet/32.jpg
345	1.000000	nohelmet/752.jpg
376	1.000000	nohelmet/925.jpg
1	0.000000	helmet/100.jpg
156	1.000000	nohelmet/1609.jpg
4	0.000000	helmet/111.jpg
131	1.000000	nohelmet/1483.jpg
154	1.000000	nohelmet/1597.jpg
248	1.000000	nohelmet/377.jpg
371	1.000000	nohelmet/9.jpg
120	1.000000	nohelmet/1440.jpg
336	1.000000	nohelmet/730.jpg
366	1.000000	nohelmet/873.jpg
124	1.000000	nohelmet/1453.jpg
379	1.000000	nohelmet/936.jpg
183	1.000000	nohelmet/1730.jpg
372	1.000000	nohelmet/903.jpg
43	1.000000	nohelmet/1061.jpg
176	1.000000	nohelmet/1693.jpg
35	1.000000	nohelmet/1022.jpg
254	1.000000	nohelmet/400.jpg
240	1.000000	nohelmet/319.jpg
226	1.000000	nohelmet/259.jpg
194	1.000000	nohelmet/1777.jpg
307	1.000000	nohelmet/635.jpg
123	1.000000	nohelmet/1450.jpg
39	1.000000	nohelmet/1033.jpg
144	1.000000	nohelmet/156.jpg
392	1.000000	nohelmet/976.jpg
106	1.000000	nohelmet/1383.jpg
207	1.000000	nohelmet/1844.jpg
11	0.000000	helmet/22.jpg
17	0.000000	helmet/45.jpg
255	1.000000	nohelmet/420.jpg
395	1.000000	nohelmet/988.jpg
300	1.000000	nohelmet/619.jpg
208	1.000000	nohelmet/191.jpg
100	1.000000	nohelmet/1341.jpg
237	1.000000	nohelmet/309.jpg
57	1.000000	nohelmet/1121.jpg
157	1.000000	nohelmet/161.jpg
358	1.000000	nohelmet/826.jpg
165	1.000000	nohelmet/1640.jpg
32	1.000000	nohelmet/1010.jpg
231	1.000000	nohelmet/290.jpg
28	0.000000	helmet/98.jpg
187	1.000000	nohelmet/1745.jpg
168	1.000000	nohelmet/1663.jpg
253	1.000000	nohelmet/389.jpg
111	1.000000	nohelmet/1405.jpg
265	1.000000	nohelmet/453.jpg
162	1.000000	nohelmet/1625.jpg
375	1.000000	nohelmet/921.jpg
261	1.000000	nohelmet/442.jpg
263	1.000000	nohelmet/45.jpg
296	1.000000	nohelmet/599.jpg
306	1.000000	nohelmet/632.jpg
147	1.000000	nohelmet/1574.jpg
325	1.000000	nohelmet/691.jpg
384	1.000000	nohelmet/951.jpg
54	1.000000	nohelmet/111.jpg
50	1.000000	nohelmet/1088.jpg
114	1.000000	nohelmet/1416.jpg
184	1.000000	nohelmet/1735.jpg
97	1.000000	nohelmet/1324.jpg
44	1.000000	nohelmet/1063.jpg
275	1.000000	nohelmet/489.jpg
339	1.000000	nohelmet/739.jpg
81	1.000000	nohelmet/1246.jpg
180	1.000000	nohelmet/1712.jpg
3	0.000000	helmet/108.jpg
188	1.000000	nohelmet/1748.jpg
174	1.000000	nohelmet/169.jpg
234	1.000000	nohelmet/300.jpg
178	1.000000	nohelmet/1705.jpg
40	1.000000	nohelmet/1036.jpg
36	1.000000	nohelmet/1028.jpg
393	1.000000	nohelmet/98.jpg
251	1.000000	nohelmet/384.jpg
378	1.000000	nohelmet/934.jpg
369	1.000000	nohelmet/894.jpg
214	1.000000	nohelmet/217.jpg
21	0.000000	helmet/72.jpg
47	1.000000	nohelmet/1079.jpg
197	1.000000	nohelmet/1796.jpg
186	1.000000	nohelmet/1744.jpg
8	0.000000	helmet/115.jpg
113	1.000000	nohelmet/141.jpg
172	1.000000	nohelmet/168.jpg
282	1.000000	nohelmet/514.jpg
90	1.000000	nohelmet/1291.jpg
149	1.000000	nohelmet/1582.jpg
228	1.000000	nohelmet/267.jpg
288	1.000000	nohelmet/545.jpg
5	0.000000	helmet/112.jpg
160	1.000000	nohelmet/1616.jpg
342	1.000000	nohelmet/745.jpg
334	1.000000	nohelmet/728.jpg
164	1.000000	nohelmet/1639.jpg
76	1.000000	nohelmet/1215.jpg
387	1.000000	nohelmet/961.jpg
20	0.000000	helmet/66.jpg
309	1.000000	nohelmet/641.jpg
354	1.000000	nohelmet/801.jpg
103	1.000000	nohelmet/1354.jpg
59	1.000000	nohelmet/1124.jpg
312	1.000000	nohelmet/651.jpg
142	1.000000	nohelmet/1551.jpg
210	1.000000	nohelmet/194.jpg
295	1.000000	nohelmet/597.jpg
9	0.000000	helmet/14.jpg
362	1.000000	nohelmet/845.jpg
203	1.000000	nohelmet/1823.jpg
397	1.000000	nohelmet/996.jpg
0	0.000000	helmet/1.jpg
69	1.000000	nohelmet/1166.jpg
257	1.000000	nohelmet/431.jpg
12	0.000000	helmet/3.jpg
294	1.000000	nohelmet/591.jpg
386	1.000000	nohelmet/956.jpg
276	1.000000	nohelmet/49.jpg
181	1.000000	nohelmet/1719.jpg
215	1.000000	nohelmet/219.jpg
66	1.000000	nohelmet/1143.jpg
217	1.000000	nohelmet/224.jpg
102	1.000000	nohelmet/1351.jpg
68	1.000000	nohelmet/1161.jpg
321	1.000000	nohelmet/677.jpg
238	1.000000	nohelmet/314.jpg
271	1.000000	nohelmet/480.jpg
105	1.000000	nohelmet/1378.jpg
212	1.000000	nohelmet/200.jpg
286	1.000000	nohelmet/537.jpg
211	1.000000	nohelmet/199.jpg
37	1.000000	nohelmet/103.jpg
213	1.000000	nohelmet/207.jpg
266	1.000000	nohelmet/459.jpg
99	1.000000	nohelmet/1328.jpg
396	1.000000	nohelmet/99.jpg
328	1.000000	nohelmet/697.jpg
230	1.000000	nohelmet/287.jpg
327	1.000000	nohelmet/695.jpg
218	1.000000	nohelmet/233.jpg
18	0.000000	helmet/49.jpg
285	1.000000	nohelmet/529.jpg
34	1.000000	nohelmet/1018.jpg
128	1.000000	nohelmet/1476.jpg
385	1.000000	nohelmet/955.jpg
46	1.000000	nohelmet/1072.jpg
108	1.000000	nohelmet/1394.jpg
71	1.000000	nohelmet/1195.jpg
281	1.000000	nohelmet/513.jpg
48	1.000000	nohelmet/108.jpg
80	1.000000	nohelmet/1232.jpg
127	1.000000	nohelmet/1461.jpg
101	1.000000	nohelmet/1349.jpg
380	1.000000	nohelmet/944.jpg
242	1.000000	nohelmet/321.jpg
304	1.000000	nohelmet/628.jpg
359	1.000000	nohelmet/839.jpg
227	1.000000	nohelmet/260.jpg
19	0.000000	helmet/60.jpg
279	1.000000	nohelmet/508.jpg
244	1.000000	nohelmet/333.jpg
77	1.000000	nohelmet/1220.jpg
324	1.000000	nohelmet/689.jpg
53	1.000000	nohelmet/1101.jpg
199	1.000000	nohelmet/1800.jpg
22	0.000000	helmet/74.jpg
365	1.000000	nohelmet/865.jpg
60	1.000000	nohelmet/1127.jpg
301	1.000000	nohelmet/622.jpg
348	1.000000	nohelmet/774.jpg
243	1.000000	nohelmet/329.jpg
58	1.000000	nohelmet/1123.jpg
6	0.000000	helmet/113.jpg
382	1.000000	nohelmet/947.jpg
170	1.000000	nohelmet/1671.jpg
182	1.000000	nohelmet/173.jpg
290	1.000000	nohelmet/559.jpg
110	1.000000	nohelmet/1400.jpg
268	1.000000	nohelmet/474.jpg
391	1.000000	nohelmet/975.jpg
112	1.000000	nohelmet/1409.jpg
25	0.000000	helmet/9.jpg
61	1.000000	nohelmet/113.jpg
140	1.000000	nohelmet/152.jpg
27	0.000000	helmet/96.jpg
84	1.000000	nohelmet/1279.jpg
167	1.000000	nohelmet/1659.jpg
299	1.000000	nohelmet/614.jpg
29	0.000000	helmet/99.jpg
351	1.000000	nohelmet/788.jpg
130	1.000000	nohelmet/1482.jpg
298	1.000000	nohelmet/602.jpg
252	1.000000	nohelmet/385.jpg
262	1.000000	nohelmet/448.jpg
223	1.000000	nohelmet/247.jpg
122	1.000000	nohelmet/1447.jpg
129	1.000000	nohelmet/1478.jpg
222	1.000000	nohelmet/243.jpg
153	1.000000	nohelmet/1596.jpg
51	1.000000	nohelmet/1097.jpg
31	1.000000	nohelmet/1003.jpg
205	1.000000	nohelmet/183.jpg
247	1.000000	nohelmet/366.jpg
185	1.000000	nohelmet/1741.jpg
277	1.000000	nohelmet/490.jpg
175	1.000000	nohelmet/1692.jpg
270	1.000000	nohelmet/479.jpg
173	1.000000	nohelmet/1685.jpg
302	1.000000	nohelmet/626.jpg
148	1.000000	nohelmet/1580.jpg
388	1.000000	nohelmet/962.jpg
316	1.000000	nohelmet/662.jpg
126	1.000000	nohelmet/1460.jpg
311	1.000000	nohelmet/647.jpg
26	0.000000	helmet/92.jpg
283	1.000000	nohelmet/517.jpg
319	1.000000	nohelmet/673.jpg
64	1.000000	nohelmet/1138.jpg
198	1.000000	nohelmet/180.jpg
357	1.000000	nohelmet/823.jpg
229	1.000000	nohelmet/269.jpg
121	1.000000	nohelmet/1442.jpg
340	1.000000	nohelmet/74.jpg
13	0.000000	helmet/30.jpg
85	1.000000	nohelmet/128.jpg
98	1.000000	nohelmet/1326.jpg
83	1.000000	nohelmet/1277.jpg
289	1.000000	nohelmet/551.jpg
75	1.000000	nohelmet/1202.jpg
202	1.000000	nohelmet/1822.jpg
308	1.000000	nohelmet/638.jpg
2	0.000000	helmet/103.jpg
92	1.000000	nohelmet/1299.jpg
63	1.000000	nohelmet/1134.jpg
326	1.000000	nohelmet/692.jpg
332	1.000000	nohelmet/722.jpg
82	1.000000	nohelmet/1272.jpg
192	1.000000	nohelmet/1766.jpg
141	1.000000	nohelmet/1529.jpg
284	1.000000	nohelmet/526.jpg
236	1.000000	nohelmet/307.jpg
206	1.000000	nohelmet/1835.jpg
107	1.000000	nohelmet/1392.jpg
209	1.000000	nohelmet/193.jpg
320	1.000000	nohelmet/675.jpg
189	1.000000	nohelmet/1750.jpg
177	1.000000	nohelmet/1698.jpg
96	1.000000	nohelmet/1319.jpg
72	1.000000	nohelmet/1197.jpg
91	1.000000	nohelmet/1298.jpg
383	1.000000	nohelmet/950.jpg
158	1.000000	nohelmet/1614.jpg
117	1.000000	nohelmet/1433.jpg
171	1.000000	nohelmet/1672.jpg
104	1.000000	nohelmet/1375.jpg
331	1.000000	nohelmet/72.jpg
337	1.000000	nohelmet/735.jpg
24	0.000000	helmet/85.jpg
134	1.000000	nohelmet/1493.jpg
233	1.000000	nohelmet/30.jpg
377	1.000000	nohelmet/928.jpg
41	1.000000	nohelmet/1038.jpg
62	1.000000	nohelmet/1133.jpg
272	1.000000	nohelmet/483.jpg
56	1.000000	nohelmet/1120.jpg
259	1.000000	nohelmet/435.jpg
221	1.000000	nohelmet/240.jpg
179	1.000000	nohelmet/1708.jpg
374	1.000000	nohelmet/92.jpg
201	1.000000	nohelmet/1821.jpg
361	1.000000	nohelmet/843.jpg
89	1.000000	nohelmet/1290.jpg
394	1.000000	nohelmet/980.jpg
232	1.000000	nohelmet/295.jpg
235	1.000000	nohelmet/301.jpg
74	1.000000	nohelmet/1200.jpg
