559	1.000000	nohelmet/301.jpg
340	0.000000	helmet/72.jpg
963	1.000000	nohelmet/776.jpg
212	0.000000	helmet/474.jpg
749	1.000000	nohelmet/517.jpg
861	1.000000	nohelmet/658.jpg
198	0.000000	helmet/446.jpg
535	1.000000	nohelmet/271.jpg
600	1.000000	nohelmet/35.jpg
572	1.000000	nohelmet/319.jpg
893	1.000000	nohelmet/694.jpg
5	0.000000	helmet/109.jpg
289	0.000000	helmet/636.jpg
203	0.000000	helmet/464.jpg
723	1.000000	nohelmet/49.jpg
697	1.000000	nohelmet/458.jpg
770	1.000000	nohelmet/547.jpg
1083	1.000000	nohelmet/920.jpg
471	1.000000	nohelmet/198.jpg
1009	1.000000	nohelmet/827.jpg
759	1.000000	nohelmet/535.jpg
772	1.000000	nohelmet/55.jpg
738	1.000000	nohelmet/506.jpg
387	0.000000	helmet/97.jpg
544	1.000000	nohelmet/284.jpg
914	1.000000	nohelmet/72.jpg
255	0.000000	helmet/563.jpg
132	0.000000	helmet/307.jpg
577	1.000000	nohelmet/324.jpg
280	0.000000	helmet/608.jpg
323	0.000000	helmet/697.jpg
540	1.000000	nohelmet/28.jpg
715	1.000000	nohelmet/480.jpg
1123	1.000000	nohelmet/964.jpg
456	1.000000	nohelmet/180.jpg
938	1.000000	nohelmet/748.jpg
649	1.000000	nohelmet/405.jpg
1096	1.000000	nohelmet/938.jpg
612	1.000000	nohelmet/365.jpg
374	0.000000	helmet/770.jpg
654	1.000000	nohelmet/410.jpg
384	0.000000	helmet/9.jpg
1021	1.000000	nohelmet/839.jpg
670	1.000000	nohelmet/430.jpg
847	1.000000	nohelmet/641.jpg
1067	1.000000	nohelmet/9.jpg
696	1.000000	nohelmet/457.jpg
1107	1.000000	nohelmet/949.jpg
52	0.000000	helmet/192.jpg
750	1.000000	nohelmet/518.jpg
370	0.000000	helmet/763.jpg
223	0.000000	helmet/493.jpg
604	1.000000	nohelmet/357.jpg
690	1.000000	nohelmet/450.jpg
434	1.000000	nohelmet/155.jpg
991	1.000000	nohelmet/809.jpg
1132	1.000000	nohelmet/977.jpg
965	1.000000	nohelmet/78.jpg
679	1.000000	nohelmet/439.jpg
283	0.000000	helmet/622.jpg
278	0.000000	helmet/605.jpg
347	0.000000	helmet/728.jpg
17	0.000000	helmet/130.jpg
528	1.000000	nohelmet/261.jpg
8	0.000000	helmet/113.jpg
680	1.000000	nohelmet/440.jpg
997	1.000000	nohelmet/814.jpg
726	1.000000	nohelmet/492.jpg
292	0.000000	helmet/642.jpg
441	1.000000	nohelmet/163.jpg
380	0.000000	helmet/86.jpg
12	0.000000	helmet/12.jpg
974	1.000000	nohelmet/792.jpg
565	1.000000	nohelmet/309.jpg
722	1.000000	nohelmet/489.jpg
1019	1.000000	nohelmet/837.jpg
423	1.000000	nohelmet/142.jpg
979	1.000000	nohelmet/797.jpg
291	0.000000	helmet/639.jpg
373	0.000000	helmet/769.jpg
1073	1.000000	nohelmet/906.jpg
149	0.000000	helmet/344.jpg
459	1.000000	nohelmet/184.jpg
1127	1.000000	nohelmet/970.jpg
867	1.000000	nohelmet/665.jpg
582	1.000000	nohelmet/33.jpg
1055	1.000000	nohelmet/885.jpg
706	1.000000	nohelmet/470.jpg
171	0.000000	helmet/384.jpg
1136	1.000000	nohelmet/982.jpg
623	1.000000	nohelmet/376.jpg
36	0.000000	helmet/167.jpg
794	1.000000	nohelmet/577.jpg
601	1.000000	nohelmet/350.jpg
962	1.000000	nohelmet/774.jpg
501	1.000000	nohelmet/233.jpg
1058	1.000000	nohelmet/889.jpg
934	1.000000	nohelmet/744.jpg
281	0.000000	helmet/609.jpg
1143	1.000000	nohelmet/990.jpg
727	1.000000	nohelmet/495.jpg
695	1.000000	nohelmet/456.jpg
31	0.000000	helmet/160.jpg
1148	1.000000	nohelmet/996.jpg
102	0.000000	helmet/258.jpg
1047	1.000000	nohelmet/876.jpg
1090	1.000000	nohelmet/930.jpg
41	0.000000	helmet/176.jpg
708	1.000000	nohelmet/472.jpg
362	0.000000	helmet/75.jpg
64	0.000000	helmet/206.jpg
378	0.000000	helmet/83.jpg
636	1.000000	nohelmet/388.jpg
93	0.000000	helmet/241.jpg
851	1.000000	nohelmet/647.jpg
60	0.000000	helmet/201.jpg
858	1.000000	nohelmet/654.jpg
191	0.000000	helmet/427.jpg
1011	1.000000	nohelmet/83.jpg
552	1.000000	nohelmet/294.jpg
304	0.000000	helmet/669.jpg
168	0.000000	helmet/378.jpg
1072	1.000000	nohelmet/905.jpg
1144	1.000000	nohelmet/991.jpg
1093	1.000000	nohelmet/935.jpg
268	0.000000	helmet/590.jpg
363	0.000000	helmet/755.jpg
865	1.000000	nohelmet/661.jpg
376	0.000000	helmet/80.jpg
1116	1.000000	nohelmet/958.jpg
797	1.000000	nohelmet/58.jpg
832	1.000000	nohelmet/624.jpg
497	1.000000	nohelmet/23.jpg
1064	1.000000	nohelmet/897.jpg
1031	1.000000	nohelmet/851.jpg
218	0.000000	helmet/482.jpg
908	1.000000	nohelmet/713.jpg
197	0.000000	helmet/442.jpg
1071	1.000000	nohelmet/903.jpg
1022	1.000000	nohelmet/840.jpg
996	1.000000	nohelmet/813.jpg
15	0.000000	helmet/125.jpg
956	1.000000	nohelmet/765.jpg
296	0.000000	helmet/65.jpg
877	1.000000	nohelmet/676.jpg
529	1.000000	nohelmet/262.jpg
325	0.000000	helmet/7.jpg
287	0.000000	helmet/630.jpg
153	0.000000	helmet/349.jpg
608	1.000000	nohelmet/361.jpg
464	1.000000	nohelmet/19.jpg
969	1.000000	nohelmet/783.jpg
498	1.000000	nohelmet/230.jpg
145	0.000000	helmet/336.jpg
890	1.000000	nohelmet/691.jpg
117	0.000000	helmet/280.jpg
791	1.000000	nohelmet/570.jpg
575	1.000000	nohelmet/321.jpg
124	0.000000	helmet/296.jpg
324	0.000000	helmet/698.jpg
371	0.000000	helmet/765.jpg
655	1.000000	nohelmet/411.jpg
1099	1.000000	nohelmet/940.jpg
701	1.000000	nohelmet/463.jpg
532	1.000000	nohelmet/267.jpg
72	0.000000	helmet/216.jpg
479	1.000000	nohelmet/206.jpg
482	1.000000	nohelmet/21.jpg
406	1.000000	nohelmet/119.jpg
892	1.000000	nohelmet/693.jpg
734	1.000000	nohelmet/502.jpg
1078	1.000000	nohelmet/914.jpg
740	1.000000	nohelmet/508.jpg
831	1.000000	nohelmet/623.jpg
961	1.000000	nohelmet/772.jpg
779	1.000000	nohelmet/557.jpg
657	1.000000	nohelmet/415.jpg
811	1.000000	nohelmet/595.jpg
104	0.000000	helmet/26.jpg
886	1.000000	nohelmet/684.jpg
320	0.000000	helmet/692.jpg
824	1.000000	nohelmet/612.jpg
799	1.000000	nohelmet/582.jpg
950	1.000000	nohelmet/76.jpg
1113	1.000000	nohelmet/955.jpg
699	1.000000	nohelmet/461.jpg
807	1.000000	nohelmet/590.jpg
206	0.000000	helmet/467.jpg
569	1.000000	nohelmet/315.jpg
1086	1.000000	nohelmet/925.jpg
1133	1.000000	nohelmet/978.jpg
651	1.000000	nohelmet/407.jpg
94	0.000000	helmet/244.jpg
932	1.000000	nohelmet/742.jpg
803	1.000000	nohelmet/586.jpg
276	0.000000	helmet/6.jpg
165	0.000000	helmet/37.jpg
214	0.000000	helmet/477.jpg
408	1.000000	nohelmet/121.jpg
534	1.000000	nohelmet/269.jpg
125	0.000000	helmet/298.jpg
400	1.000000	nohelmet/111.jpg
700	1.000000	nohelmet/462.jpg
828	1.000000	nohelmet/620.jpg
1149	1.000000	nohelmet/999.jpg
367	0.000000	helmet/76.jpg
1103	1.000000	nohelmet/944.jpg
141	0.000000	helmet/322.jpg
816	1.000000	nohelmet/601.jpg
260	0.000000	helmet/571.jpg
421	1.000000	nohelmet/140.jpg
1089	1.000000	nohelmet/93.jpg
381	0.000000	helmet/87.jpg
985	1.000000	nohelmet/802.jpg
780	1.000000	nohelmet/558.jpg
1030	1.000000	nohelmet/850.jpg
0	0.000000	helmet/1.jpg
1124	1.000000	nohelmet/965.jpg
1006	1.000000	nohelmet/824.jpg
432	1.000000	nohelmet/153.jpg
1039	1.000000	nohelmet/864.jpg
285	0.000000	helmet/627.jpg
1130	1.000000	nohelmet/974.jpg
778	1.000000	nohelmet/556.jpg
868	1.000000	nohelmet/666.jpg
1122	1.000000	nohelmet/963.jpg
929	1.000000	nohelmet/739.jpg
874	1.000000	nohelmet/672.jpg
786	1.000000	nohelmet/563.jpg
1140	1.000000	nohelmet/988.jpg
317	0.000000	helmet/687.jpg
273	0.000000	helmet/596.jpg
958	1.000000	nohelmet/769.jpg
826	1.000000	nohelmet/618.jpg
728	1.000000	nohelmet/496.jpg
827	1.000000	nohelmet/619.jpg
587	1.000000	nohelmet/334.jpg
226	0.000000	helmet/499.jpg
957	1.000000	nohelmet/767.jpg
396	1.000000	nohelmet/106.jpg
438	1.000000	nohelmet/16.jpg
1085	1.000000	nohelmet/924.jpg
1056	1.000000	nohelmet/886.jpg
59	0.000000	helmet/2.jpg
852	1.000000	nohelmet/648.jpg
32	0.000000	helmet/162.jpg
896	1.000000	nohelmet/698.jpg
584	1.000000	nohelmet/331.jpg
1008	1.000000	nohelmet/826.jpg
878	1.000000	nohelmet/677.jpg
1108	1.000000	nohelmet/95.jpg
721	1.000000	nohelmet/487.jpg
625	1.000000	nohelmet/378.jpg
393	1.000000	nohelmet/102.jpg
1033	1.000000	nohelmet/854.jpg
841	1.000000	nohelmet/636.jpg
303	0.000000	helmet/663.jpg
678	1.000000	nohelmet/438.jpg
419	1.000000	nohelmet/139.jpg
177	0.000000	helmet/397.jpg
869	1.000000	nohelmet/668.jpg
245	0.000000	helmet/543.jpg
146	0.000000	helmet/338.jpg
1139	1.000000	nohelmet/987.jpg
591	1.000000	nohelmet/338.jpg
792	1.000000	nohelmet/571.jpg
410	1.000000	nohelmet/123.jpg
1069	1.000000	nohelmet/900.jpg
627	1.000000	nohelmet/38.jpg
398	1.000000	nohelmet/11.jpg
293	0.000000	helmet/644.jpg
210	0.000000	helmet/471.jpg
144	0.000000	helmet/335.jpg
484	1.000000	nohelmet/211.jpg
859	1.000000	nohelmet/655.jpg
541	1.000000	nohelmet/281.jpg
500	1.000000	nohelmet/232.jpg
458	1.000000	nohelmet/182.jpg
202	0.000000	helmet/462.jpg
1106	1.000000	nohelmet/948.jpg
1092	1.000000	nohelmet/934.jpg
461	1.000000	nohelmet/186.jpg
1004	1.000000	nohelmet/822.jpg
666	1.000000	nohelmet/425.jpg
719	1.000000	nohelmet/485.jpg
1	0.000000	helmet/10.jpg
377	0.000000	helmet/82.jpg
460	1.000000	nohelmet/185.jpg
966	1.000000	nohelmet/780.jpg
617	1.000000	nohelmet/370.jpg
253	0.000000	helmet/559.jpg
675	1.000000	nohelmet/435.jpg
576	1.000000	nohelmet/322.jpg
181	0.000000	helmet/402.jpg
691	1.000000	nohelmet/452.jpg
339	0.000000	helmet/719.jpg
404	1.000000	nohelmet/117.jpg
674	1.000000	nohelmet/434.jpg
846	1.000000	nohelmet/640.jpg
415	1.000000	nohelmet/132.jpg
159	0.000000	helmet/361.jpg
681	1.000000	nohelmet/441.jpg
346	0.000000	helmet/727.jpg
87	0.000000	helmet/233.jpg
542	1.000000	nohelmet/282.jpg
1061	1.000000	nohelmet/893.jpg
857	1.000000	nohelmet/653.jpg
628	1.000000	nohelmet/380.jpg
502	1.000000	nohelmet/234.jpg
92	0.000000	helmet/238.jpg
993	1.000000	nohelmet/810.jpg
186	0.000000	helmet/414.jpg
318	0.000000	helmet/69.jpg
644	1.000000	nohelmet/399.jpg
507	1.000000	nohelmet/24.jpg
781	1.000000	nohelmet/559.jpg
566	1.000000	nohelmet/31.jpg
903	1.000000	nohelmet/706.jpg
284	0.000000	helmet/624.jpg
545	1.000000	nohelmet/286.jpg
490	1.000000	nohelmet/22.jpg
936	1.000000	nohelmet/746.jpg
1036	1.000000	nohelmet/859.jpg
282	0.000000	helmet/614.jpg
1054	1.000000	nohelmet/884.jpg
548	1.000000	nohelmet/290.jpg
801	1.000000	nohelmet/584.jpg
275	0.000000	helmet/598.jpg
4	0.000000	helmet/107.jpg
733	1.000000	nohelmet/501.jpg
444	1.000000	nohelmet/166.jpg
748	1.000000	nohelmet/516.jpg
239	0.000000	helmet/523.jpg
316	0.000000	helmet/684.jpg
383	0.000000	helmet/89.jpg
1053	1.000000	nohelmet/882.jpg
626	1.000000	nohelmet/379.jpg
294	0.000000	helmet/646.jpg
521	1.000000	nohelmet/254.jpg
1121	1.000000	nohelmet/962.jpg
1114	1.000000	nohelmet/956.jpg
352	0.000000	helmet/734.jpg
487	1.000000	nohelmet/215.jpg
279	0.000000	helmet/606.jpg
609	1.000000	nohelmet/362.jpg
46	0.000000	helmet/183.jpg
416	1.000000	nohelmet/133.jpg
343	0.000000	helmet/723.jpg
1001	1.000000	nohelmet/818.jpg
494	1.000000	nohelmet/226.jpg
1046	1.000000	nohelmet/875.jpg
981	1.000000	nohelmet/8.jpg
19	0.000000	helmet/132.jpg
82	0.000000	helmet/228.jpg
1043	1.000000	nohelmet/872.jpg
78	0.000000	helmet/223.jpg
753	1.000000	nohelmet/523.jpg
216	0.000000	helmet/48.jpg
543	1.000000	nohelmet/283.jpg
99	0.000000	helmet/250.jpg
511	1.000000	nohelmet/243.jpg
252	0.000000	helmet/558.jpg
1134	1.000000	nohelmet/98.jpg
1018	1.000000	nohelmet/836.jpg
762	1.000000	nohelmet/538.jpg
505	1.000000	nohelmet/238.jpg
348	0.000000	helmet/729.jpg
835	1.000000	nohelmet/63.jpg
129	0.000000	helmet/301.jpg
161	0.000000	helmet/365.jpg
1112	1.000000	nohelmet/954.jpg
372	0.000000	helmet/766.jpg
407	1.000000	nohelmet/12.jpg
546	1.000000	nohelmet/287.jpg
295	0.000000	helmet/647.jpg
806	1.000000	nohelmet/59.jpg
589	1.000000	nohelmet/336.jpg
942	1.000000	nohelmet/751.jpg
595	1.000000	nohelmet/342.jpg
264	0.000000	helmet/583.jpg
671	1.000000	nohelmet/431.jpg
42	0.000000	helmet/177.jpg
364	0.000000	helmet/756.jpg
76	0.000000	helmet/221.jpg
50	0.000000	helmet/190.jpg
610	1.000000	nohelmet/363.jpg
510	1.000000	nohelmet/242.jpg
271	0.000000	helmet/594.jpg
834	1.000000	nohelmet/629.jpg
345	0.000000	helmet/726.jpg
477	1.000000	nohelmet/203.jpg
22	0.000000	helmet/14.jpg
413	1.000000	nohelmet/127.jpg
244	0.000000	helmet/538.jpg
530	1.000000	nohelmet/263.jpg
751	1.000000	nohelmet/520.jpg
219	0.000000	helmet/484.jpg
379	0.000000	helmet/85.jpg
838	1.000000	nohelmet/633.jpg
631	1.000000	nohelmet/383.jpg
173	0.000000	helmet/387.jpg
1040	1.000000	nohelmet/869.jpg
975	1.000000	nohelmet/793.jpg
737	1.000000	nohelmet/505.jpg
95	0.000000	helmet/245.jpg
425	1.000000	nohelmet/144.jpg
677	1.000000	nohelmet/437.jpg
898	1.000000	nohelmet/7.jpg
180	0.000000	helmet/401.jpg
870	1.000000	nohelmet/669.jpg
246	0.000000	helmet/544.jpg
766	1.000000	nohelmet/543.jpg
744	1.000000	nohelmet/512.jpg
28	0.000000	helmet/154.jpg
341	0.000000	helmet/720.jpg
266	0.000000	helmet/587.jpg
401	1.000000	nohelmet/113.jpg
409	1.000000	nohelmet/122.jpg
904	1.000000	nohelmet/709.jpg
222	0.000000	helmet/490.jpg
1105	1.000000	nohelmet/947.jpg
272	0.000000	helmet/595.jpg
983	1.000000	nohelmet/800.jpg
1044	1.000000	nohelmet/873.jpg
446	1.000000	nohelmet/169.jpg
199	0.000000	helmet/453.jpg
909	1.000000	nohelmet/714.jpg
390	1.000000	nohelmet/100.jpg
435	1.000000	nohelmet/156.jpg
62	0.000000	helmet/204.jpg
1050	1.000000	nohelmet/879.jpg
980	1.000000	nohelmet/799.jpg
7	0.000000	helmet/111.jpg
882	1.000000	nohelmet/680.jpg
913	1.000000	nohelmet/719.jpg
555	1.000000	nohelmet/297.jpg
43	0.000000	helmet/178.jpg
672	1.000000	nohelmet/432.jpg
613	1.000000	nohelmet/366.jpg
760	1.000000	nohelmet/536.jpg
875	1.000000	nohelmet/674.jpg
166	0.000000	helmet/370.jpg
531	1.000000	nohelmet/266.jpg
209	0.000000	helmet/470.jpg
16	0.000000	helmet/128.jpg
774	1.000000	nohelmet/552.jpg
986	1.000000	nohelmet/804.jpg
928	1.000000	nohelmet/738.jpg
682	1.000000	nohelmet/442.jpg
156	0.000000	helmet/355.jpg
274	0.000000	helmet/597.jpg
321	0.000000	helmet/693.jpg
850	1.000000	nohelmet/646.jpg
618	1.000000	nohelmet/371.jpg
1049	1.000000	nohelmet/878.jpg
916	1.000000	nohelmet/724.jpg
83	0.000000	helmet/229.jpg
1045	1.000000	nohelmet/874.jpg
729	1.000000	nohelmet/497.jpg
814	1.000000	nohelmet/60.jpg
157	0.000000	helmet/357.jpg
1131	1.000000	nohelmet/975.jpg
662	1.000000	nohelmet/420.jpg
784	1.000000	nohelmet/561.jpg
611	1.000000	nohelmet/364.jpg
351	0.000000	helmet/731.jpg
160	0.000000	helmet/363.jpg
905	1.000000	nohelmet/71.jpg
333	0.000000	helmet/707.jpg
196	0.000000	helmet/441.jpg
635	1.000000	nohelmet/387.jpg
1076	1.000000	nohelmet/91.jpg
712	1.000000	nohelmet/478.jpg
312	0.000000	helmet/679.jpg
313	0.000000	helmet/680.jpg
884	1.000000	nohelmet/682.jpg
307	0.000000	helmet/674.jpg
642	1.000000	nohelmet/396.jpg
122	0.000000	helmet/293.jpg
1118	1.000000	nohelmet/96.jpg
375	0.000000	helmet/8.jpg
925	1.000000	nohelmet/733.jpg
116	0.000000	helmet/28.jpg
1115	1.000000	nohelmet/957.jpg
711	1.000000	nohelmet/477.jpg
474	1.000000	nohelmet/20.jpg
238	0.000000	helmet/520.jpg
724	1.000000	nohelmet/490.jpg
927	1.000000	nohelmet/735.jpg
40	0.000000	helmet/170.jpg
982	1.000000	nohelmet/80.jpg
906	1.000000	nohelmet/710.jpg
109	0.000000	helmet/265.jpg
785	1.000000	nohelmet/562.jpg
833	1.000000	nohelmet/628.jpg
536	1.000000	nohelmet/272.jpg
537	1.000000	nohelmet/273.jpg
619	1.000000	nohelmet/372.jpg
30	0.000000	helmet/157.jpg
262	0.000000	helmet/577.jpg
602	1.000000	nohelmet/355.jpg
863	1.000000	nohelmet/66.jpg
687	1.000000	nohelmet/448.jpg
924	1.000000	nohelmet/732.jpg
504	1.000000	nohelmet/237.jpg
208	0.000000	helmet/47.jpg
488	1.000000	nohelmet/216.jpg
522	1.000000	nohelmet/255.jpg
358	0.000000	helmet/743.jpg
489	1.000000	nohelmet/217.jpg
755	1.000000	nohelmet/525.jpg
1109	1.000000	nohelmet/950.jpg
646	1.000000	nohelmet/401.jpg
480	1.000000	nohelmet/207.jpg
1034	1.000000	nohelmet/857.jpg
91	0.000000	helmet/237.jpg
561	1.000000	nohelmet/304.jpg
115	0.000000	helmet/279.jpg
518	1.000000	nohelmet/251.jpg
230	0.000000	helmet/506.jpg
14	0.000000	helmet/123.jpg
35	0.000000	helmet/165.jpg
234	0.000000	helmet/514.jpg
356	0.000000	helmet/739.jpg
1062	1.000000	nohelmet/894.jpg
787	1.000000	nohelmet/564.jpg
756	1.000000	nohelmet/527.jpg
232	0.000000	helmet/51.jpg
1128	1.000000	nohelmet/971.jpg
854	1.000000	nohelmet/650.jpg
483	1.000000	nohelmet/210.jpg
802	1.000000	nohelmet/585.jpg
902	1.000000	nohelmet/705.jpg
118	0.000000	helmet/283.jpg
330	0.000000	helmet/704.jpg
949	1.000000	nohelmet/759.jpg
496	1.000000	nohelmet/228.jpg
853	1.000000	nohelmet/65.jpg
661	1.000000	nohelmet/42.jpg
106	0.000000	helmet/261.jpg
746	1.000000	nohelmet/514.jpg
732	1.000000	nohelmet/500.jpg
388	0.000000	helmet/99.jpg
910	1.000000	nohelmet/715.jpg
754	1.000000	nohelmet/524.jpg
366	0.000000	helmet/759.jpg
174	0.000000	helmet/388.jpg
897	1.000000	nohelmet/699.jpg
935	1.000000	nohelmet/745.jpg
972	1.000000	nohelmet/79.jpg
777	1.000000	nohelmet/555.jpg
143	0.000000	helmet/333.jpg
150	0.000000	helmet/345.jpg
856	1.000000	nohelmet/652.jpg
580	1.000000	nohelmet/327.jpg
568	1.000000	nohelmet/313.jpg
97	0.000000	helmet/248.jpg
988	1.000000	nohelmet/806.jpg
943	1.000000	nohelmet/752.jpg
300	0.000000	helmet/660.jpg
90	0.000000	helmet/236.jpg
705	1.000000	nohelmet/47.jpg
108	0.000000	helmet/264.jpg
492	1.000000	nohelmet/223.jpg
1027	1.000000	nohelmet/846.jpg
579	1.000000	nohelmet/326.jpg
20	0.000000	helmet/133.jpg
426	1.000000	nohelmet/145.jpg
452	1.000000	nohelmet/176.jpg
47	0.000000	helmet/186.jpg
71	0.000000	helmet/212.jpg
1063	1.000000	nohelmet/896.jpg
881	1.000000	nohelmet/68.jpg
359	0.000000	helmet/744.jpg
725	1.000000	nohelmet/491.jpg
440	1.000000	nohelmet/162.jpg
469	1.000000	nohelmet/195.jpg
1095	1.000000	nohelmet/937.jpg
402	1.000000	nohelmet/114.jpg
1020	1.000000	nohelmet/838.jpg
228	0.000000	helmet/500.jpg
630	1.000000	nohelmet/382.jpg
592	1.000000	nohelmet/339.jpg
1070	1.000000	nohelmet/902.jpg
883	1.000000	nohelmet/681.jpg
128	0.000000	helmet/300.jpg
308	0.000000	helmet/675.jpg
667	1.000000	nohelmet/426.jpg
113	0.000000	helmet/276.jpg
516	1.000000	nohelmet/249.jpg
937	1.000000	nohelmet/747.jpg
876	1.000000	nohelmet/675.jpg
598	1.000000	nohelmet/347.jpg
447	1.000000	nohelmet/17.jpg
139	0.000000	helmet/320.jpg
764	1.000000	nohelmet/541.jpg
648	1.000000	nohelmet/403.jpg
468	1.000000	nohelmet/194.jpg
640	1.000000	nohelmet/391.jpg
74	0.000000	helmet/218.jpg
1015	1.000000	nohelmet/833.jpg
946	1.000000	nohelmet/755.jpg
562	1.000000	nohelmet/306.jpg
590	1.000000	nohelmet/337.jpg
862	1.000000	nohelmet/659.jpg
615	1.000000	nohelmet/369.jpg
1138	1.000000	nohelmet/986.jpg
1147	1.000000	nohelmet/995.jpg
217	0.000000	helmet/480.jpg
200	0.000000	helmet/455.jpg
457	1.000000	nohelmet/181.jpg
984	1.000000	nohelmet/801.jpg
391	1.000000	nohelmet/1000.jpg
389	1.000000	nohelmet/1.jpg
178	0.000000	helmet/40.jpg
1087	1.000000	nohelmet/927.jpg
519	1.000000	nohelmet/252.jpg
327	0.000000	helmet/701.jpg
720	1.000000	nohelmet/486.jpg
13	0.000000	helmet/122.jpg
752	1.000000	nohelmet/522.jpg
698	1.000000	nohelmet/460.jpg
3	0.000000	helmet/102.jpg
713	1.000000	nohelmet/479.jpg
987	1.000000	nohelmet/805.jpg
162	0.000000	helmet/366.jpg
147	0.000000	helmet/339.jpg
567	1.000000	nohelmet/310.jpg
819	1.000000	nohelmet/606.jpg
866	1.000000	nohelmet/662.jpg
360	0.000000	helmet/746.jpg
872	1.000000	nohelmet/670.jpg
632	1.000000	nohelmet/384.jpg
709	1.000000	nohelmet/473.jpg
995	1.000000	nohelmet/812.jpg
85	0.000000	helmet/231.jpg
926	1.000000	nohelmet/734.jpg
188	0.000000	helmet/416.jpg
788	1.000000	nohelmet/565.jpg
745	1.000000	nohelmet/513.jpg
34	0.000000	helmet/164.jpg
454	1.000000	nohelmet/178.jpg
912	1.000000	nohelmet/718.jpg
689	1.000000	nohelmet/45.jpg
331	0.000000	helmet/705.jpg
361	0.000000	helmet/747.jpg
599	1.000000	nohelmet/349.jpg
840	1.000000	nohelmet/635.jpg
88	0.000000	helmet/234.jpg
1102	1.000000	nohelmet/943.jpg
23	0.000000	helmet/140.jpg
641	1.000000	nohelmet/392.jpg
742	1.000000	nohelmet/51.jpg
658	1.000000	nohelmet/416.jpg
659	1.000000	nohelmet/418.jpg
305	0.000000	helmet/671.jpg
224	0.000000	helmet/495.jpg
81	0.000000	helmet/226.jpg
1082	1.000000	nohelmet/92.jpg
9	0.000000	helmet/114.jpg
412	1.000000	nohelmet/126.jpg
237	0.000000	helmet/52.jpg
1084	1.000000	nohelmet/921.jpg
571	1.000000	nohelmet/318.jpg
842	1.000000	nohelmet/637.jpg
26	0.000000	helmet/148.jpg
959	1.000000	nohelmet/77.jpg
38	0.000000	helmet/169.jpg
311	0.000000	helmet/678.jpg
815	1.000000	nohelmet/600.jpg
1017	1.000000	nohelmet/835.jpg
2	0.000000	helmet/101.jpg
277	0.000000	helmet/600.jpg
977	1.000000	nohelmet/795.jpg
399	1.000000	nohelmet/110.jpg
48	0.000000	helmet/188.jpg
1068	1.000000	nohelmet/90.jpg
195	0.000000	helmet/440.jpg
194	0.000000	helmet/439.jpg
533	1.000000	nohelmet/268.jpg
1060	1.000000	nohelmet/890.jpg
550	1.000000	nohelmet/292.jpg
158	0.000000	helmet/358.jpg
845	1.000000	nohelmet/64.jpg
427	1.000000	nohelmet/147.jpg
297	0.000000	helmet/655.jpg
855	1.000000	nohelmet/651.jpg
514	1.000000	nohelmet/247.jpg
397	1.000000	nohelmet/109.jpg
930	1.000000	nohelmet/740.jpg
1098	1.000000	nohelmet/94.jpg
922	1.000000	nohelmet/730.jpg
971	1.000000	nohelmet/789.jpg
873	1.000000	nohelmet/671.jpg
75	0.000000	helmet/219.jpg
823	1.000000	nohelmet/611.jpg
136	0.000000	helmet/313.jpg
515	1.000000	nohelmet/248.jpg
251	0.000000	helmet/556.jpg
184	0.000000	helmet/41.jpg
433	1.000000	nohelmet/154.jpg
286	0.000000	helmet/629.jpg
1057	1.000000	nohelmet/887.jpg
193	0.000000	helmet/437.jpg
322	0.000000	helmet/695.jpg
509	1.000000	nohelmet/241.jpg
405	1.000000	nohelmet/118.jpg
96	0.000000	helmet/247.jpg
970	1.000000	nohelmet/785.jpg
101	0.000000	helmet/256.jpg
329	0.000000	helmet/703.jpg
911	1.000000	nohelmet/716.jpg
79	0.000000	helmet/224.jpg
976	1.000000	nohelmet/794.jpg
310	0.000000	helmet/677.jpg
820	1.000000	nohelmet/607.jpg
213	0.000000	helmet/475.jpg
798	1.000000	nohelmet/580.jpg
89	0.000000	helmet/235.jpg
428	1.000000	nohelmet/148.jpg
243	0.000000	helmet/537.jpg
1111	1.000000	nohelmet/952.jpg
973	1.000000	nohelmet/791.jpg
233	0.000000	helmet/513.jpg
25	0.000000	helmet/147.jpg
1137	1.000000	nohelmet/983.jpg
683	1.000000	nohelmet/444.jpg
731	1.000000	nohelmet/50.jpg
443	1.000000	nohelmet/165.jpg
1074	1.000000	nohelmet/907.jpg
634	1.000000	nohelmet/386.jpg
448	1.000000	nohelmet/170.jpg
103	0.000000	helmet/259.jpg
247	0.000000	helmet/545.jpg
563	1.000000	nohelmet/307.jpg
111	0.000000	helmet/273.jpg
337	0.000000	helmet/717.jpg
669	1.000000	nohelmet/429.jpg
119	0.000000	helmet/284.jpg
301	0.000000	helmet/661.jpg
520	1.000000	nohelmet/253.jpg
1010	1.000000	nohelmet/829.jpg
1051	1.000000	nohelmet/88.jpg
895	1.000000	nohelmet/697.jpg
491	1.000000	nohelmet/220.jpg
517	1.000000	nohelmet/250.jpg
889	1.000000	nohelmet/690.jpg
614	1.000000	nohelmet/367.jpg
207	0.000000	helmet/469.jpg
126	0.000000	helmet/299.jpg
822	1.000000	nohelmet/61.jpg
990	1.000000	nohelmet/808.jpg
743	1.000000	nohelmet/510.jpg
703	1.000000	nohelmet/467.jpg
1081	1.000000	nohelmet/919.jpg
693	1.000000	nohelmet/454.jpg
593	1.000000	nohelmet/34.jpg
1142	1.000000	nohelmet/99.jpg
506	1.000000	nohelmet/239.jpg
107	0.000000	helmet/263.jpg
259	0.000000	helmet/568.jpg
793	1.000000	nohelmet/573.jpg
917	1.000000	nohelmet/725.jpg
485	1.000000	nohelmet/212.jpg
53	0.000000	helmet/193.jpg
342	0.000000	helmet/722.jpg
394	1.000000	nohelmet/104.jpg
332	0.000000	helmet/706.jpg
302	0.000000	helmet/662.jpg
810	1.000000	nohelmet/593.jpg
11	0.000000	helmet/118.jpg
369	0.000000	helmet/762.jpg
254	0.000000	helmet/56.jpg
328	0.000000	helmet/702.jpg
768	1.000000	nohelmet/545.jpg
564	1.000000	nohelmet/308.jpg
944	1.000000	nohelmet/753.jpg
825	1.000000	nohelmet/613.jpg
431	1.000000	nohelmet/151.jpg
839	1.000000	nohelmet/634.jpg
757	1.000000	nohelmet/528.jpg
710	1.000000	nohelmet/475.jpg
386	0.000000	helmet/96.jpg
288	0.000000	helmet/633.jpg
365	0.000000	helmet/757.jpg
417	1.000000	nohelmet/135.jpg
633	1.000000	nohelmet/385.jpg
470	1.000000	nohelmet/197.jpg
686	1.000000	nohelmet/447.jpg
418	1.000000	nohelmet/136.jpg
98	0.000000	helmet/25.jpg
539	1.000000	nohelmet/278.jpg
933	1.000000	nohelmet/743.jpg
164	0.000000	helmet/369.jpg
248	0.000000	helmet/546.jpg
1091	1.000000	nohelmet/932.jpg
225	0.000000	helmet/497.jpg
1038	1.000000	nohelmet/861.jpg
887	1.000000	nohelmet/689.jpg
716	1.000000	nohelmet/481.jpg
804	1.000000	nohelmet/587.jpg
357	0.000000	helmet/741.jpg
931	1.000000	nohelmet/741.jpg
941	1.000000	nohelmet/750.jpg
298	0.000000	helmet/656.jpg
