198	1.000000	nohelmet/1125.jpg
1309	1.000000	nohelmet/709.jpg
1414	1.000000	nohelmet/83.jpg
1275	1.000000	nohelmet/667.jpg
477	1.000000	nohelmet/1427.jpg
133	1.000000	nohelmet/1051.jpg
617	1.000000	nohelmet/1585.jpg
1559	1.000000	nohelmet/995.jpg
487	1.000000	nohelmet/144.jpg
1161	1.000000	nohelmet/536.jpg
492	1.000000	nohelmet/1446.jpg
1361	1.000000	nohelmet/772.jpg
1216	1.000000	nohelmet/594.jpg
1270	1.000000	nohelmet/661.jpg
404	1.000000	nohelmet/1348.jpg
1323	1.000000	nohelmet/724.jpg
384	1.000000	nohelmet/1329.jpg
1217	1.000000	nohelmet/595.jpg
244	1.000000	nohelmet/1177.jpg
1394	1.000000	nohelmet/808.jpg
629	1.000000	nohelmet/16.jpg
1127	1.000000	nohelmet/5.jpg
486	1.000000	nohelmet/1439.jpg
1308	1.000000	nohelmet/708.jpg
619	1.000000	nohelmet/1587.jpg
1092	1.000000	nohelmet/456.jpg
368	1.000000	nohelmet/1309.jpg
1516	1.000000	nohelmet/940.jpg
674	1.000000	nohelmet/165.jpg
1047	1.000000	nohelmet/405.jpg
501	1.000000	nohelmet/1458.jpg
987	1.000000	nohelmet/342.jpg
382	1.000000	nohelmet/1325.jpg
1154	1.000000	nohelmet/53.jpg
344	1.000000	nohelmet/1280.jpg
920	1.000000	nohelmet/268.jpg
965	1.000000	nohelmet/317.jpg
837	1.000000	nohelmet/1832.jpg
907	1.000000	nohelmet/251.jpg
1035	1.000000	nohelmet/394.jpg
958	1.000000	nohelmet/31.jpg
885	1.000000	nohelmet/226.jpg
1181	1.000000	nohelmet/558.jpg
1360	1.000000	nohelmet/771.jpg
74	0.000000	helmet/82.jpg
1301	1.000000	nohelmet/700.jpg
472	1.000000	nohelmet/1422.jpg
1368	1.000000	nohelmet/780.jpg
558	1.000000	nohelmet/1522.jpg
1453	1.000000	nohelmet/871.jpg
1183	1.000000	nohelmet/560.jpg
577	1.000000	nohelmet/1540.jpg
437	1.000000	nohelmet/1382.jpg
1237	1.000000	nohelmet/617.jpg
668	1.000000	nohelmet/1644.jpg
8	0.000000	helmet/11.jpg
1292	1.000000	nohelmet/69.jpg
812	1.000000	nohelmet/1804.jpg
70	0.000000	helmet/78.jpg
372	1.000000	nohelmet/1314.jpg
264	1.000000	nohelmet/1196.jpg
541	1.000000	nohelmet/1504.jpg
249	1.000000	nohelmet/1181.jpg
7	0.000000	helmet/109.jpg
1547	1.000000	nohelmet/982.jpg
874	1.000000	nohelmet/212.jpg
998	1.000000	nohelmet/353.jpg
481	1.000000	nohelmet/1431.jpg
762	1.000000	nohelmet/175.jpg
647	1.000000	nohelmet/1620.jpg
513	1.000000	nohelmet/1470.jpg
1117	1.000000	nohelmet/487.jpg
1090	1.000000	nohelmet/454.jpg
250	1.000000	nohelmet/1182.jpg
1240	1.000000	nohelmet/620.jpg
380	1.000000	nohelmet/1322.jpg
1407	1.000000	nohelmet/821.jpg
1506	1.000000	nohelmet/93.jpg
423	1.000000	nohelmet/1368.jpg
364	1.000000	nohelmet/1305.jpg
411	1.000000	nohelmet/1357.jpg
1543	1.000000	nohelmet/977.jpg
444	1.000000	nohelmet/139.jpg
1126	1.000000	nohelmet/499.jpg
426	1.000000	nohelmet/1370.jpg
280	1.000000	nohelmet/1213.jpg
474	1.000000	nohelmet/1424.jpg
134	1.000000	nohelmet/1052.jpg
923	1.000000	nohelmet/271.jpg
1007	1.000000	nohelmet/362.jpg
1	0.000000	helmet/101.jpg
33	0.000000	helmet/38.jpg
442	1.000000	nohelmet/1388.jpg
42	0.000000	helmet/48.jpg
565	1.000000	nohelmet/153.jpg
1194	1.000000	nohelmet/572.jpg
1132	1.000000	nohelmet/503.jpg
991	1.000000	nohelmet/346.jpg
229	1.000000	nohelmet/1160.jpg
1409	1.000000	nohelmet/824.jpg
972	1.000000	nohelmet/327.jpg
1071	1.000000	nohelmet/429.jpg
120	1.000000	nohelmet/1039.jpg
458	1.000000	nohelmet/1406.jpg
1016	1.000000	nohelmet/371.jpg
1118	1.000000	nohelmet/488.jpg
605	1.000000	nohelmet/1570.jpg
1527	1.000000	nohelmet/957.jpg
272	1.000000	nohelmet/1206.jpg
186	1.000000	nohelmet/1109.jpg
1352	1.000000	nohelmet/762.jpg
275	1.000000	nohelmet/1209.jpg
1298	1.000000	nohelmet/699.jpg
146	1.000000	nohelmet/1065.jpg
763	1.000000	nohelmet/1752.jpg
1291	1.000000	nohelmet/688.jpg
1386	1.000000	nohelmet/799.jpg
612	1.000000	nohelmet/1578.jpg
780	1.000000	nohelmet/177.jpg
834	1.000000	nohelmet/1828.jpg
211	1.000000	nohelmet/1142.jpg
378	1.000000	nohelmet/1320.jpg
871	1.000000	nohelmet/21.jpg
407	1.000000	nohelmet/1352.jpg
1114	1.000000	nohelmet/481.jpg
490	1.000000	nohelmet/1444.jpg
353	1.000000	nohelmet/1293.jpg
1327	1.000000	nohelmet/731.jpg
1178	1.000000	nohelmet/555.jpg
1404	1.000000	nohelmet/819.jpg
21	0.000000	helmet/23.jpg
137	1.000000	nohelmet/1055.jpg
1252	1.000000	nohelmet/639.jpg
88	1.000000	nohelmet/100.jpg
939	1.000000	nohelmet/286.jpg
1329	1.000000	nohelmet/733.jpg
801	1.000000	nohelmet/1792.jpg
684	1.000000	nohelmet/1660.jpg
1157	1.000000	nohelmet/532.jpg
872	1.000000	nohelmet/210.jpg
335	1.000000	nohelmet/1269.jpg
76	0.000000	helmet/84.jpg
653	1.000000	nohelmet/1628.jpg
1049	1.000000	nohelmet/407.jpg
1062	1.000000	nohelmet/419.jpg
1431	1.000000	nohelmet/849.jpg
676	1.000000	nohelmet/1651.jpg
1233	1.000000	nohelmet/612.jpg
114	1.000000	nohelmet/1029.jpg
396	1.000000	nohelmet/134.jpg
451	1.000000	nohelmet/1398.jpg
252	1.000000	nohelmet/1184.jpg
113	1.000000	nohelmet/1027.jpg
954	1.000000	nohelmet/304.jpg
929	1.000000	nohelmet/277.jpg
806	1.000000	nohelmet/1798.jpg
525	1.000000	nohelmet/1485.jpg
701	1.000000	nohelmet/1680.jpg
800	1.000000	nohelmet/1791.jpg
678	1.000000	nohelmet/1653.jpg
1255	1.000000	nohelmet/642.jpg
13	0.000000	helmet/13.jpg
546	1.000000	nohelmet/1509.jpg
1344	1.000000	nohelmet/755.jpg
698	1.000000	nohelmet/1677.jpg
122	1.000000	nohelmet/1040.jpg
1526	1.000000	nohelmet/954.jpg
734	1.000000	nohelmet/1717.jpg
1290	1.000000	nohelmet/687.jpg
156	1.000000	nohelmet/1076.jpg
188	1.000000	nohelmet/1111.jpg
296	1.000000	nohelmet/1231.jpg
321	1.000000	nohelmet/1256.jpg
1050	1.000000	nohelmet/408.jpg
789	1.000000	nohelmet/1780.jpg
951	1.000000	nohelmet/3.jpg
1285	1.000000	nohelmet/681.jpg
685	1.000000	nohelmet/1661.jpg
1170	1.000000	nohelmet/547.jpg
43	0.000000	helmet/5.jpg
1387	1.000000	nohelmet/80.jpg
173	1.000000	nohelmet/1095.jpg
315	1.000000	nohelmet/1250.jpg
1336	1.000000	nohelmet/744.jpg
1085	1.000000	nohelmet/446.jpg
742	1.000000	nohelmet/1725.jpg
1536	1.000000	nohelmet/968.jpg
999	1.000000	nohelmet/354.jpg
549	1.000000	nohelmet/1511.jpg
1101	1.000000	nohelmet/465.jpg
1356	1.000000	nohelmet/767.jpg
192	1.000000	nohelmet/1115.jpg
963	1.000000	nohelmet/315.jpg
620	1.000000	nohelmet/1588.jpg
926	1.000000	nohelmet/274.jpg
110	1.000000	nohelmet/1024.jpg
898	1.000000	nohelmet/241.jpg
932	1.000000	nohelmet/28.jpg
200	1.000000	nohelmet/1128.jpg
956	1.000000	nohelmet/306.jpg
270	1.000000	nohelmet/1204.jpg
667	1.000000	nohelmet/1643.jpg
1043	1.000000	nohelmet/401.jpg
1189	1.000000	nohelmet/568.jpg
516	1.000000	nohelmet/1473.jpg
1144	1.000000	nohelmet/519.jpg
613	1.000000	nohelmet/1579.jpg
962	1.000000	nohelmet/313.jpg
1171	1.000000	nohelmet/548.jpg
1437	1.000000	nohelmet/854.jpg
656	1.000000	nohelmet/1631.jpg
1263	1.000000	nohelmet/652.jpg
1470	1.000000	nohelmet/89.jpg
1195	1.000000	nohelmet/573.jpg
230	1.000000	nohelmet/1162.jpg
375	1.000000	nohelmet/1317.jpg
1401	1.000000	nohelmet/816.jpg
1440	1.000000	nohelmet/857.jpg
940	1.000000	nohelmet/288.jpg
1416	1.000000	nohelmet/831.jpg
502	1.000000	nohelmet/1459.jpg
208	1.000000	nohelmet/1139.jpg
580	1.000000	nohelmet/1543.jpg
389	1.000000	nohelmet/1333.jpg
1225	1.000000	nohelmet/605.jpg
422	1.000000	nohelmet/1367.jpg
1438	1.000000	nohelmet/855.jpg
879	1.000000	nohelmet/218.jpg
816	1.000000	nohelmet/1808.jpg
919	1.000000	nohelmet/266.jpg
783	1.000000	nohelmet/1772.jpg
615	1.000000	nohelmet/1581.jpg
1381	1.000000	nohelmet/794.jpg
191	1.000000	nohelmet/1114.jpg
526	1.000000	nohelmet/1486.jpg
255	1.000000	nohelmet/1187.jpg
147	1.000000	nohelmet/1066.jpg
600	1.000000	nohelmet/1566.jpg
1376	1.000000	nohelmet/79.jpg
1556	1.000000	nohelmet/992.jpg
1113	1.000000	nohelmet/48.jpg
1397	1.000000	nohelmet/810.jpg
1284	1.000000	nohelmet/680.jpg
882	1.000000	nohelmet/222.jpg
1539	1.000000	nohelmet/970.jpg
261	1.000000	nohelmet/1192.jpg
129	1.000000	nohelmet/1047.jpg
1366	1.000000	nohelmet/779.jpg
1083	1.000000	nohelmet/444.jpg
995	1.000000	nohelmet/35.jpg
1303	1.000000	nohelmet/702.jpg
1419	1.000000	nohelmet/834.jpg
927	1.000000	nohelmet/275.jpg
980	1.000000	nohelmet/336.jpg
737	1.000000	nohelmet/1720.jpg
143	1.000000	nohelmet/1060.jpg
203	1.000000	nohelmet/1131.jpg
687	1.000000	nohelmet/1664.jpg
168	1.000000	nohelmet/1090.jpg
1318	1.000000	nohelmet/718.jpg
279	1.000000	nohelmet/1212.jpg
953	1.000000	nohelmet/303.jpg
671	1.000000	nohelmet/1647.jpg
1278	1.000000	nohelmet/671.jpg
1202	1.000000	nohelmet/58.jpg
1362	1.000000	nohelmet/773.jpg
859	1.000000	nohelmet/197.jpg
349	1.000000	nohelmet/1288.jpg
1312	1.000000	nohelmet/711.jpg
351	1.000000	nohelmet/129.jpg
1355	1.000000	nohelmet/766.jpg
313	1.000000	nohelmet/1249.jpg
1273	1.000000	nohelmet/665.jpg
401	1.000000	nohelmet/1345.jpg
162	1.000000	nohelmet/1084.jpg
1221	1.000000	nohelmet/600.jpg
299	1.000000	nohelmet/1235.jpg
131	1.000000	nohelmet/1049.jpg
774	1.000000	nohelmet/1762.jpg
1069	1.000000	nohelmet/427.jpg
1503	1.000000	nohelmet/926.jpg
222	1.000000	nohelmet/1154.jpg
740	1.000000	nohelmet/1723.jpg
331	1.000000	nohelmet/1265.jpg
220	1.000000	nohelmet/1152.jpg
504	1.000000	nohelmet/1462.jpg
1554	1.000000	nohelmet/990.jpg
1014	1.000000	nohelmet/37.jpg
552	1.000000	nohelmet/1516.jpg
1064	1.000000	nohelmet/421.jpg
1517	1.000000	nohelmet/941.jpg
1012	1.000000	nohelmet/368.jpg
849	1.000000	nohelmet/185.jpg
1367	1.000000	nohelmet/78.jpg
522	1.000000	nohelmet/1480.jpg
1203	1.000000	nohelmet/580.jpg
959	1.000000	nohelmet/310.jpg
311	1.000000	nohelmet/1247.jpg
912	1.000000	nohelmet/258.jpg
1553	1.000000	nohelmet/989.jpg
462	1.000000	nohelmet/1411.jpg
765	1.000000	nohelmet/1754.jpg
72	0.000000	helmet/80.jpg
153	1.000000	nohelmet/1073.jpg
236	1.000000	nohelmet/1169.jpg
527	1.000000	nohelmet/1488.jpg
1478	1.000000	nohelmet/899.jpg
1025	1.000000	nohelmet/382.jpg
974	1.000000	nohelmet/33.jpg
1545	1.000000	nohelmet/979.jpg
262	1.000000	nohelmet/1193.jpg
861	1.000000	nohelmet/2.jpg
1040	1.000000	nohelmet/399.jpg
1027	1.000000	nohelmet/386.jpg
1115	1.000000	nohelmet/482.jpg
1377	1.000000	nohelmet/790.jpg
1335	1.000000	nohelmet/743.jpg
1511	1.000000	nohelmet/935.jpg
1023	1.000000	nohelmet/38.jpg
1129	1.000000	nohelmet/500.jpg
866	1.000000	nohelmet/204.jpg
699	1.000000	nohelmet/1678.jpg
221	1.000000	nohelmet/1153.jpg
916	1.000000	nohelmet/263.jpg
997	1.000000	nohelmet/352.jpg
1433	1.000000	nohelmet/850.jpg
1257	1.000000	nohelmet/645.jpg
1542	1.000000	nohelmet/973.jpg
266	1.000000	nohelmet/1199.jpg
12	0.000000	helmet/12.jpg
246	1.000000	nohelmet/1179.jpg
1482	1.000000	nohelmet/902.jpg
371	1.000000	nohelmet/1312.jpg
4	0.000000	helmet/105.jpg
863	1.000000	nohelmet/201.jpg
724	1.000000	nohelmet/1706.jpg
59	0.000000	helmet/65.jpg
535	1.000000	nohelmet/1499.jpg
334	1.000000	nohelmet/1268.jpg
1128	1.000000	nohelmet/50.jpg
1452	1.000000	nohelmet/870.jpg
1534	1.000000	nohelmet/966.jpg
441	1.000000	nohelmet/1387.jpg
495	1.000000	nohelmet/145.jpg
1504	1.000000	nohelmet/927.jpg
982	1.000000	nohelmet/338.jpg
92	1.000000	nohelmet/1004.jpg
1371	1.000000	nohelmet/784.jpg
736	1.000000	nohelmet/172.jpg
1429	1.000000	nohelmet/847.jpg
223	1.000000	nohelmet/1155.jpg
706	1.000000	nohelmet/1686.jpg
906	1.000000	nohelmet/250.jpg
630	1.000000	nohelmet/160.jpg
108	1.000000	nohelmet/1021.jpg
263	1.000000	nohelmet/1194.jpg
769	1.000000	nohelmet/1758.jpg
1399	1.000000	nohelmet/814.jpg
946	1.000000	nohelmet/294.jpg
1102	1.000000	nohelmet/466.jpg
391	1.000000	nohelmet/1335.jpg
1262	1.000000	nohelmet/650.jpg
446	1.000000	nohelmet/1391.jpg
833	1.000000	nohelmet/1827.jpg
350	1.000000	nohelmet/1289.jpg
1269	1.000000	nohelmet/660.jpg
844	1.000000	nohelmet/184.jpg
197	1.000000	nohelmet/1122.jpg
1391	1.000000	nohelmet/805.jpg
1026	1.000000	nohelmet/383.jpg
116	1.000000	nohelmet/1031.jpg
1229	1.000000	nohelmet/609.jpg
730	1.000000	nohelmet/1713.jpg
715	1.000000	nohelmet/1697.jpg
807	1.000000	nohelmet/1799.jpg
1087	1.000000	nohelmet/449.jpg
366	1.000000	nohelmet/1307.jpg
694	1.000000	nohelmet/1673.jpg
204	1.000000	nohelmet/1132.jpg
1066	1.000000	nohelmet/424.jpg
1451	1.000000	nohelmet/87.jpg
597	1.000000	nohelmet/1562.jpg
830	1.000000	nohelmet/1824.jpg
1236	1.000000	nohelmet/616.jpg
1406	1.000000	nohelmet/820.jpg
1142	1.000000	nohelmet/516.jpg
748	1.000000	nohelmet/1732.jpg
99	1.000000	nohelmet/1011.jpg
281	1.000000	nohelmet/1214.jpg
1295	1.000000	nohelmet/694.jpg
1403	1.000000	nohelmet/818.jpg
692	1.000000	nohelmet/1669.jpg
241	1.000000	nohelmet/1174.jpg
543	1.000000	nohelmet/1506.jpg
1076	1.000000	nohelmet/436.jpg
964	1.000000	nohelmet/316.jpg
413	1.000000	nohelmet/1359.jpg
756	1.000000	nohelmet/1740.jpg
483	1.000000	nohelmet/1434.jpg
886	1.000000	nohelmet/227.jpg
23	0.000000	helmet/25.jpg
556	1.000000	nohelmet/1520.jpg
1210	1.000000	nohelmet/588.jpg
115	1.000000	nohelmet/1030.jpg
54	0.000000	helmet/6.jpg
304	1.000000	nohelmet/124.jpg
1321	1.000000	nohelmet/721.jpg
1201	1.000000	nohelmet/579.jpg
282	1.000000	nohelmet/1216.jpg
388	1.000000	nohelmet/1332.jpg
934	1.000000	nohelmet/281.jpg
893	1.000000	nohelmet/234.jpg
536	1.000000	nohelmet/150.jpg
1056	1.000000	nohelmet/413.jpg
622	1.000000	nohelmet/1590.jpg
49	0.000000	helmet/55.jpg
403	1.000000	nohelmet/1347.jpg
1172	1.000000	nohelmet/549.jpg
319	1.000000	nohelmet/1254.jpg
828	1.000000	nohelmet/182.jpg
84	0.000000	helmet/94.jpg
228	1.000000	nohelmet/116.jpg
996	1.000000	nohelmet/351.jpg
1108	1.000000	nohelmet/472.jpg
155	1.000000	nohelmet/1075.jpg
711	1.000000	nohelmet/1691.jpg
1471	1.000000	nohelmet/890.jpg
1009	1.000000	nohelmet/364.jpg
1228	1.000000	nohelmet/608.jpg
771	1.000000	nohelmet/176.jpg
846	1.000000	nohelmet/1841.jpg
1188	1.000000	nohelmet/567.jpg
440	1.000000	nohelmet/1386.jpg
1390	1.000000	nohelmet/804.jpg
568	1.000000	nohelmet/1532.jpg
123	1.000000	nohelmet/1041.jpg
1393	1.000000	nohelmet/807.jpg
1082	1.000000	nohelmet/443.jpg
1245	1.000000	nohelmet/63.jpg
463	1.000000	nohelmet/1412.jpg
786	1.000000	nohelmet/1776.jpg
140	1.000000	nohelmet/1058.jpg
1206	1.000000	nohelmet/584.jpg
1346	1.000000	nohelmet/757.jpg
850	1.000000	nohelmet/186.jpg
960	1.000000	nohelmet/311.jpg
1226	1.000000	nohelmet/606.jpg
1460	1.000000	nohelmet/879.jpg
1123	1.000000	nohelmet/496.jpg
183	1.000000	nohelmet/1106.jpg
523	1.000000	nohelmet/1481.jpg
127	1.000000	nohelmet/1045.jpg
1500	1.000000	nohelmet/922.jpg
1205	1.000000	nohelmet/583.jpg
340	1.000000	nohelmet/1274.jpg
877	1.000000	nohelmet/215.jpg
621	1.000000	nohelmet/1589.jpg
1019	1.000000	nohelmet/374.jpg
1212	1.000000	nohelmet/59.jpg
714	1.000000	nohelmet/1696.jpg
55	0.000000	helmet/61.jpg
253	1.000000	nohelmet/1185.jpg
625	1.000000	nohelmet/1593.jpg
947	1.000000	nohelmet/296.jpg
665	1.000000	nohelmet/1641.jpg
234	1.000000	nohelmet/1167.jpg
628	1.000000	nohelmet/1599.jpg
910	1.000000	nohelmet/254.jpg
875	1.000000	nohelmet/213.jpg
139	1.000000	nohelmet/1057.jpg
273	1.000000	nohelmet/1207.jpg
45	0.000000	helmet/51.jpg
581	1.000000	nohelmet/1544.jpg
1109	1.000000	nohelmet/473.jpg
1449	1.000000	nohelmet/868.jpg
210	1.000000	nohelmet/1141.jpg
883	1.000000	nohelmet/223.jpg
480	1.000000	nohelmet/143.jpg
112	1.000000	nohelmet/1026.jpg
1314	1.000000	nohelmet/713.jpg
285	1.000000	nohelmet/1219.jpg
708	1.000000	nohelmet/1688.jpg
1070	1.000000	nohelmet/428.jpg
985	1.000000	nohelmet/340.jpg
1176	1.000000	nohelmet/553.jpg
1244	1.000000	nohelmet/625.jpg
1139	1.000000	nohelmet/511.jpg
358	1.000000	nohelmet/13.jpg
269	1.000000	nohelmet/1203.jpg
277	1.000000	nohelmet/1210.jpg
738	1.000000	nohelmet/1721.jpg
1031	1.000000	nohelmet/390.jpg
512	1.000000	nohelmet/147.jpg
1443	1.000000	nohelmet/86.jpg
1080	1.000000	nohelmet/44.jpg
138	1.000000	nohelmet/1056.jpg
57	0.000000	helmet/63.jpg
1331	1.000000	nohelmet/737.jpg
1348	1.000000	nohelmet/759.jpg
415	1.000000	nohelmet/1360.jpg
90	1.000000	nohelmet/1001.jpg
1053	1.000000	nohelmet/410.jpg
925	1.000000	nohelmet/273.jpg
68	0.000000	helmet/76.jpg
58	0.000000	helmet/64.jpg
560	1.000000	nohelmet/1524.jpg
594	1.000000	nohelmet/1558.jpg
1006	1.000000	nohelmet/361.jpg
827	1.000000	nohelmet/1819.jpg
735	1.000000	nohelmet/1718.jpg
362	1.000000	nohelmet/1303.jpg
578	1.000000	nohelmet/1541.jpg
91	1.000000	nohelmet/1002.jpg
840	1.000000	nohelmet/1836.jpg
1484	1.000000	nohelmet/905.jpg
1432	1.000000	nohelmet/85.jpg
860	1.000000	nohelmet/198.jpg
1551	1.000000	nohelmet/986.jpg
326	1.000000	nohelmet/1260.jpg
450	1.000000	nohelmet/1397.jpg
672	1.000000	nohelmet/1648.jpg
868	1.000000	nohelmet/206.jpg
631	1.000000	nohelmet/1600.jpg
784	1.000000	nohelmet/1773.jpg
1029	1.000000	nohelmet/388.jpg
1169	1.000000	nohelmet/546.jpg
1410	1.000000	nohelmet/825.jpg
602	1.000000	nohelmet/1568.jpg
1347	1.000000	nohelmet/758.jpg
575	1.000000	nohelmet/1539.jpg
267	1.000000	nohelmet/12.jpg
52	0.000000	helmet/58.jpg
132	1.000000	nohelmet/105.jpg
508	1.000000	nohelmet/1466.jpg
1268	1.000000	nohelmet/658.jpg
430	1.000000	nohelmet/1374.jpg
209	1.000000	nohelmet/1140.jpg
1175	1.000000	nohelmet/552.jpg
66	0.000000	helmet/73.jpg
484	1.000000	nohelmet/1435.jpg
1146	1.000000	nohelmet/520.jpg
1207	1.000000	nohelmet/585.jpg
424	1.000000	nohelmet/1369.jpg
890	1.000000	nohelmet/230.jpg
915	1.000000	nohelmet/262.jpg
682	1.000000	nohelmet/1658.jpg
1483	1.000000	nohelmet/904.jpg
1149	1.000000	nohelmet/523.jpg
1529	1.000000	nohelmet/959.jpg
327	1.000000	nohelmet/1261.jpg
1099	1.000000	nohelmet/463.jpg
308	1.000000	nohelmet/1243.jpg
1214	1.000000	nohelmet/592.jpg
662	1.000000	nohelmet/1637.jpg
1427	1.000000	nohelmet/844.jpg
655	1.000000	nohelmet/163.jpg
1480	1.000000	nohelmet/900.jpg
1013	1.000000	nohelmet/369.jpg
392	1.000000	nohelmet/1336.jpg
370	1.000000	nohelmet/1311.jpg
788	1.000000	nohelmet/1779.jpg
1354	1.000000	nohelmet/765.jpg
1011	1.000000	nohelmet/367.jpg
305	1.000000	nohelmet/1240.jpg
1239	1.000000	nohelmet/62.jpg
24	0.000000	helmet/26.jpg
1260	1.000000	nohelmet/649.jpg
538	1.000000	nohelmet/1501.jpg
899	1.000000	nohelmet/242.jpg
905	1.000000	nohelmet/25.jpg
130	1.000000	nohelmet/1048.jpg
510	1.000000	nohelmet/1468.jpg
289	1.000000	nohelmet/1223.jpg
1121	1.000000	nohelmet/493.jpg
1174	1.000000	nohelmet/550.jpg
897	1.000000	nohelmet/24.jpg
402	1.000000	nohelmet/1346.jpg
1497	1.000000	nohelmet/918.jpg
242	1.000000	nohelmet/1175.jpg
644	1.000000	nohelmet/1618.jpg
720	1.000000	nohelmet/1701.jpg
1152	1.000000	nohelmet/527.jpg
1167	1.000000	nohelmet/543.jpg
1400	1.000000	nohelmet/815.jpg
1300	1.000000	nohelmet/70.jpg
772	1.000000	nohelmet/1760.jpg
1458	1.000000	nohelmet/877.jpg
499	1.000000	nohelmet/1455.jpg
434	1.000000	nohelmet/138.jpg
330	1.000000	nohelmet/1264.jpg
1520	1.000000	nohelmet/945.jpg
82	0.000000	helmet/91.jpg
1130	1.000000	nohelmet/501.jpg
135	1.000000	nohelmet/1053.jpg
1105	1.000000	nohelmet/469.jpg
1288	1.000000	nohelmet/685.jpg
1095	1.000000	nohelmet/46.jpg
268	1.000000	nohelmet/1201.jpg
585	1.000000	nohelmet/1548.jpg
1428	1.000000	nohelmet/846.jpg
359	1.000000	nohelmet/1300.jpg
1294	1.000000	nohelmet/693.jpg
1445	1.000000	nohelmet/861.jpg
20	0.000000	helmet/21.jpg
639	1.000000	nohelmet/1610.jpg
1017	1.000000	nohelmet/372.jpg
709	1.000000	nohelmet/1689.jpg
775	1.000000	nohelmet/1763.jpg
1465	1.000000	nohelmet/883.jpg
240	1.000000	nohelmet/1173.jpg
303	1.000000	nohelmet/1239.jpg
767	1.000000	nohelmet/1756.jpg
1454	1.000000	nohelmet/872.jpg
1208	1.000000	nohelmet/586.jpg
323	1.000000	nohelmet/1258.jpg
599	1.000000	nohelmet/1565.jpg
697	1.000000	nohelmet/1676.jpg
1138	1.000000	nohelmet/510.jpg
2	0.000000	helmet/102.jpg
957	1.000000	nohelmet/308.jpg
459	1.000000	nohelmet/1407.jpg
652	1.000000	nohelmet/1627.jpg
109	1.000000	nohelmet/1023.jpg
611	1.000000	nohelmet/1577.jpg
154	1.000000	nohelmet/1074.jpg
1253	1.000000	nohelmet/64.jpg
1473	1.000000	nohelmet/892.jpg
1325	1.000000	nohelmet/727.jpg
201	1.000000	nohelmet/1129.jpg
387	1.000000	nohelmet/1331.jpg
1490	1.000000	nohelmet/911.jpg
455	1.000000	nohelmet/1402.jpg
1544	1.000000	nohelmet/978.jpg
284	1.000000	nohelmet/1218.jpg
498	1.000000	nohelmet/1454.jpg
759	1.000000	nohelmet/1746.jpg
15	0.000000	helmet/17.jpg
900	1.000000	nohelmet/244.jpg
178	1.000000	nohelmet/110.jpg
1200	1.000000	nohelmet/578.jpg
1485	1.000000	nohelmet/907.jpg
642	1.000000	nohelmet/1613.jpg
1094	1.000000	nohelmet/458.jpg
374	1.000000	nohelmet/1316.jpg
1058	1.000000	nohelmet/415.jpg
928	1.000000	nohelmet/276.jpg
790	1.000000	nohelmet/1781.jpg
986	1.000000	nohelmet/341.jpg
529	1.000000	nohelmet/149.jpg
640	1.000000	nohelmet/1611.jpg
854	1.000000	nohelmet/19.jpg
993	1.000000	nohelmet/348.jpg
618	1.000000	nohelmet/1586.jpg
1164	1.000000	nohelmet/540.jpg
1297	1.000000	nohelmet/698.jpg
1032	1.000000	nohelmet/391.jpg
30	0.000000	helmet/34.jpg
1191	1.000000	nohelmet/57.jpg
1055	1.000000	nohelmet/412.jpg
215	1.000000	nohelmet/1147.jpg
1057	1.000000	nohelmet/414.jpg
105	1.000000	nohelmet/1019.jpg
1385	1.000000	nohelmet/798.jpg
395	1.000000	nohelmet/1339.jpg
379	1.000000	nohelmet/1321.jpg
1147	1.000000	nohelmet/521.jpg
67	0.000000	helmet/75.jpg
507	1.000000	nohelmet/1465.jpg
1151	1.000000	nohelmet/525.jpg
747	1.000000	nohelmet/1731.jpg
1065	1.000000	nohelmet/422.jpg
1337	1.000000	nohelmet/746.jpg
454	1.000000	nohelmet/1401.jpg
473	1.000000	nohelmet/1423.jpg
439	1.000000	nohelmet/1385.jpg
161	1.000000	nohelmet/1082.jpg
500	1.000000	nohelmet/1457.jpg
37	0.000000	helmet/42.jpg
641	1.000000	nohelmet/1612.jpg
471	1.000000	nohelmet/1421.jpg
117	1.000000	nohelmet/1034.jpg
1475	1.000000	nohelmet/895.jpg
1274	1.000000	nohelmet/666.jpg
219	1.000000	nohelmet/1151.jpg
862	1.000000	nohelmet/20.jpg
1199	1.000000	nohelmet/577.jpg
61	0.000000	helmet/68.jpg
753	1.000000	nohelmet/1738.jpg
1417	1.000000	nohelmet/832.jpg
1141	1.000000	nohelmet/515.jpg
983	1.000000	nohelmet/339.jpg
307	1.000000	nohelmet/1242.jpg
838	1.000000	nohelmet/1833.jpg
902	1.000000	nohelmet/246.jpg
1153	1.000000	nohelmet/528.jpg
17	0.000000	helmet/19.jpg
952	1.000000	nohelmet/302.jpg
1315	1.000000	nohelmet/714.jpg
172	1.000000	nohelmet/1094.jpg
689	1.000000	nohelmet/1666.jpg
48	0.000000	helmet/54.jpg
808	1.000000	nohelmet/18.jpg
169	1.000000	nohelmet/1091.jpg
847	1.000000	nohelmet/1842.jpg
894	1.000000	nohelmet/235.jpg
842	1.000000	nohelmet/1838.jpg
531	1.000000	nohelmet/1492.jpg
1358	1.000000	nohelmet/769.jpg
803	1.000000	nohelmet/1794.jpg
274	1.000000	nohelmet/1208.jpg
1168	1.000000	nohelmet/544.jpg
681	1.000000	nohelmet/1657.jpg
1464	1.000000	nohelmet/882.jpg
1020	1.000000	nohelmet/375.jpg
1379	1.000000	nohelmet/792.jpg
118	1.000000	nohelmet/1035.jpg
385	1.000000	nohelmet/133.jpg
1248	1.000000	nohelmet/633.jpg
1283	1.000000	nohelmet/68.jpg
750	1.000000	nohelmet/1734.jpg
64	0.000000	helmet/70.jpg
1258	1.000000	nohelmet/646.jpg
571	1.000000	nohelmet/1535.jpg
309	1.000000	nohelmet/1244.jpg
1289	1.000000	nohelmet/686.jpg
1365	1.000000	nohelmet/778.jpg
950	1.000000	nohelmet/299.jpg
718	1.000000	nohelmet/170.jpg
700	1.000000	nohelmet/1679.jpg
609	1.000000	nohelmet/1575.jpg
1395	1.000000	nohelmet/809.jpg
1098	1.000000	nohelmet/462.jpg
36	0.000000	helmet/41.jpg
410	1.000000	nohelmet/1356.jpg
1131	1.000000	nohelmet/502.jpg
785	1.000000	nohelmet/1775.jpg
338	1.000000	nohelmet/1271.jpg
596	1.000000	nohelmet/1561.jpg
409	1.000000	nohelmet/1355.jpg
1533	1.000000	nohelmet/964.jpg
1067	1.000000	nohelmet/425.jpg
196	1.000000	nohelmet/1119.jpg
949	1.000000	nohelmet/298.jpg
1059	1.000000	nohelmet/416.jpg
295	1.000000	nohelmet/1230.jpg
598	1.000000	nohelmet/1564.jpg
791	1.000000	nohelmet/1782.jpg
1373	1.000000	nohelmet/786.jpg
102	1.000000	nohelmet/1015.jpg
341	1.000000	nohelmet/1275.jpg
1150	1.000000	nohelmet/524.jpg
1256	1.000000	nohelmet/643.jpg
521	1.000000	nohelmet/148.jpg
1389	1.000000	nohelmet/803.jpg
1089	1.000000	nohelmet/451.jpg
858	1.000000	nohelmet/196.jpg
224	1.000000	nohelmet/1156.jpg
942	1.000000	nohelmet/29.jpg
216	1.000000	nohelmet/1148.jpg
843	1.000000	nohelmet/1839.jpg
680	1.000000	nohelmet/1655.jpg
989	1.000000	nohelmet/344.jpg
425	1.000000	nohelmet/137.jpg
1182	1.000000	nohelmet/56.jpg
1024	1.000000	nohelmet/380.jpg
1398	1.000000	nohelmet/811.jpg
705	1.000000	nohelmet/1684.jpg
189	1.000000	nohelmet/1112.jpg
1052	1.000000	nohelmet/41.jpg
994	1.000000	nohelmet/349.jpg
10	0.000000	helmet/116.jpg
579	1.000000	nohelmet/1542.jpg
1034	1.000000	nohelmet/393.jpg
1476	1.000000	nohelmet/897.jpg
566	1.000000	nohelmet/1530.jpg
39	0.000000	helmet/44.jpg
399	1.000000	nohelmet/1343.jpg
1413	1.000000	nohelmet/829.jpg
727	1.000000	nohelmet/171.jpg
1254	1.000000	nohelmet/640.jpg
943	1.000000	nohelmet/291.jpg
1343	1.000000	nohelmet/754.jpg
489	1.000000	nohelmet/1443.jpg
1383	1.000000	nohelmet/796.jpg
841	1.000000	nohelmet/1837.jpg
1375	1.000000	nohelmet/789.jpg
1302	1.000000	nohelmet/701.jpg
511	1.000000	nohelmet/1469.jpg
1528	1.000000	nohelmet/958.jpg
761	1.000000	nohelmet/1749.jpg
265	1.000000	nohelmet/1198.jpg
1192	1.000000	nohelmet/570.jpg
1145	1.000000	nohelmet/52.jpg
561	1.000000	nohelmet/1525.jpg
646	1.000000	nohelmet/162.jpg
553	1.000000	nohelmet/1517.jpg
755	1.000000	nohelmet/174.jpg
1156	1.000000	nohelmet/531.jpg
658	1.000000	nohelmet/1633.jpg
878	1.000000	nohelmet/216.jpg
62	0.000000	helmet/69.jpg
429	1.000000	nohelmet/1373.jpg
778	1.000000	nohelmet/1768.jpg
1359	1.000000	nohelmet/77.jpg
1068	1.000000	nohelmet/426.jpg
749	1.000000	nohelmet/1733.jpg
1103	1.000000	nohelmet/467.jpg
1524	1.000000	nohelmet/952.jpg
467	1.000000	nohelmet/1417.jpg
1246	1.000000	nohelmet/630.jpg
1179	1.000000	nohelmet/556.jpg
626	1.000000	nohelmet/1594.jpg
1100	1.000000	nohelmet/464.jpg
848	1.000000	nohelmet/1843.jpg
945	1.000000	nohelmet/293.jpg
865	1.000000	nohelmet/203.jpg
741	1.000000	nohelmet/1724.jpg
447	1.000000	nohelmet/1393.jpg
815	1.000000	nohelmet/1807.jpg
355	1.000000	nohelmet/1295.jpg
1133	1.000000	nohelmet/504.jpg
100	1.000000	nohelmet/1013.jpg
794	1.000000	nohelmet/1786.jpg
891	1.000000	nohelmet/231.jpg
1249	1.000000	nohelmet/634.jpg
1124	1.000000	nohelmet/497.jpg
567	1.000000	nohelmet/1531.jpg
557	1.000000	nohelmet/1521.jpg
695	1.000000	nohelmet/1674.jpg
35	0.000000	helmet/40.jpg
587	1.000000	nohelmet/155.jpg
16	0.000000	helmet/18.jpg
1333	1.000000	nohelmet/740.jpg
1177	1.000000	nohelmet/554.jpg
1450	1.000000	nohelmet/869.jpg
584	1.000000	nohelmet/1547.jpg
1279	1.000000	nohelmet/672.jpg
760	1.000000	nohelmet/1747.jpg
1461	1.000000	nohelmet/88.jpg
1276	1.000000	nohelmet/67.jpg
1028	1.000000	nohelmet/387.jpg
1120	1.000000	nohelmet/492.jpg
1436	1.000000	nohelmet/853.jpg
583	1.000000	nohelmet/1546.jpg
1353	1.000000	nohelmet/763.jpg
582	1.000000	nohelmet/1545.jpg
746	1.000000	nohelmet/1729.jpg
562	1.000000	nohelmet/1526.jpg
1000	1.000000	nohelmet/355.jpg
1357	1.000000	nohelmet/768.jpg
773	1.000000	nohelmet/1761.jpg
469	1.000000	nohelmet/142.jpg
1560	1.000000	nohelmet/997.jpg
659	1.000000	nohelmet/1634.jpg
1148	1.000000	nohelmet/522.jpg
343	1.000000	nohelmet/1278.jpg
1166	1.000000	nohelmet/542.jpg
1078	1.000000	nohelmet/438.jpg
73	0.000000	helmet/81.jpg
1220	1.000000	nohelmet/6.jpg
606	1.000000	nohelmet/1571.jpg
1345	1.000000	nohelmet/756.jpg
1046	1.000000	nohelmet/404.jpg
465	1.000000	nohelmet/1414.jpg
494	1.000000	nohelmet/1449.jpg
1495	1.000000	nohelmet/916.jpg
1286	1.000000	nohelmet/682.jpg
729	1.000000	nohelmet/1711.jpg
572	1.000000	nohelmet/1536.jpg
63	0.000000	helmet/7.jpg
175	1.000000	nohelmet/1098.jpg
205	1.000000	nohelmet/1135.jpg
159	1.000000	nohelmet/1080.jpg
1271	1.000000	nohelmet/663.jpg
83	0.000000	helmet/93.jpg
881	1.000000	nohelmet/221.jpg
725	1.000000	nohelmet/1707.jpg
128	1.000000	nohelmet/1046.jpg
1532	1.000000	nohelmet/963.jpg
187	1.000000	nohelmet/1110.jpg
1494	1.000000	nohelmet/915.jpg
121	1.000000	nohelmet/104.jpg
901	1.000000	nohelmet/245.jpg
383	1.000000	nohelmet/1327.jpg
1342	1.000000	nohelmet/753.jpg
283	1.000000	nohelmet/1217.jpg
1002	1.000000	nohelmet/357.jpg
336	1.000000	nohelmet/127.jpg
144	1.000000	nohelmet/1062.jpg
745	1.000000	nohelmet/1728.jpg
414	1.000000	nohelmet/136.jpg
537	1.000000	nohelmet/1500.jpg
1405	1.000000	nohelmet/82.jpg
28	0.000000	helmet/31.jpg
752	1.000000	nohelmet/1737.jpg
739	1.000000	nohelmet/1722.jpg
1223	1.000000	nohelmet/603.jpg
1162	1.000000	nohelmet/539.jpg
918	1.000000	nohelmet/265.jpg
857	1.000000	nohelmet/195.jpg
1489	1.000000	nohelmet/910.jpg
436	1.000000	nohelmet/1381.jpg
913	1.000000	nohelmet/26.jpg
1442	1.000000	nohelmet/859.jpg
1106	1.000000	nohelmet/47.jpg
1467	1.000000	nohelmet/885.jpg
1304	1.000000	nohelmet/703.jpg
31	0.000000	helmet/35.jpg
346	1.000000	nohelmet/1283.jpg
592	1.000000	nohelmet/1556.jpg
1293	1.000000	nohelmet/690.jpg
1281	1.000000	nohelmet/676.jpg
650	1.000000	nohelmet/1624.jpg
574	1.000000	nohelmet/1538.jpg
306	1.000000	nohelmet/1241.jpg
496	1.000000	nohelmet/1451.jpg
853	1.000000	nohelmet/189.jpg
291	1.000000	nohelmet/1225.jpg
290	1.000000	nohelmet/1224.jpg
732	1.000000	nohelmet/1715.jpg
235	1.000000	nohelmet/1168.jpg
1218	1.000000	nohelmet/596.jpg
635	1.000000	nohelmet/1604.jpg
1549	1.000000	nohelmet/984.jpg
648	1.000000	nohelmet/1622.jpg
1486	1.000000	nohelmet/908.jpg
1104	1.000000	nohelmet/468.jpg
675	1.000000	nohelmet/1650.jpg
1374	1.000000	nohelmet/787.jpg
412	1.000000	nohelmet/1358.jpg
145	1.000000	nohelmet/1064.jpg
479	1.000000	nohelmet/1429.jpg
482	1.000000	nohelmet/1432.jpg
406	1.000000	nohelmet/1350.jpg
150	1.000000	nohelmet/1069.jpg
345	1.000000	nohelmet/1281.jpg
1459	1.000000	nohelmet/878.jpg
239	1.000000	nohelmet/1171.jpg
238	1.000000	nohelmet/1170.jpg
649	1.000000	nohelmet/1623.jpg
519	1.000000	nohelmet/1477.jpg
452	1.000000	nohelmet/1399.jpg
1097	1.000000	nohelmet/461.jpg
1190	1.000000	nohelmet/569.jpg
160	1.000000	nohelmet/1081.jpg
104	1.000000	nohelmet/1017.jpg
271	1.000000	nohelmet/1205.jpg
1232	1.000000	nohelmet/611.jpg
1523	1.000000	nohelmet/95.jpg
660	1.000000	nohelmet/1635.jpg
1155	1.000000	nohelmet/530.jpg
293	1.000000	nohelmet/1228.jpg
1111	1.000000	nohelmet/476.jpg
636	1.000000	nohelmet/1606.jpg
530	1.000000	nohelmet/1490.jpg
1515	1.000000	nohelmet/94.jpg
1079	1.000000	nohelmet/439.jpg
1411	1.000000	nohelmet/827.jpg
764	1.000000	nohelmet/1753.jpg
339	1.000000	nohelmet/1273.jpg
869	1.000000	nohelmet/208.jpg
670	1.000000	nohelmet/1646.jpg
1211	1.000000	nohelmet/589.jpg
206	1.000000	nohelmet/1136.jpg
1054	1.000000	nohelmet/411.jpg
691	1.000000	nohelmet/1668.jpg
604	1.000000	nohelmet/157.jpg
356	1.000000	nohelmet/1296.jpg
817	1.000000	nohelmet/1809.jpg
1077	1.000000	nohelmet/437.jpg
1339	1.000000	nohelmet/749.jpg
1060	1.000000	nohelmet/417.jpg
935	1.000000	nohelmet/282.jpg
26	0.000000	helmet/28.jpg
924	1.000000	nohelmet/272.jpg
352	1.000000	nohelmet/1292.jpg
813	1.000000	nohelmet/1805.jpg
461	1.000000	nohelmet/1410.jpg
770	1.000000	nohelmet/1759.jpg
884	1.000000	nohelmet/225.jpg
707	1.000000	nohelmet/1687.jpg
1030	1.000000	nohelmet/39.jpg
829	1.000000	nohelmet/1820.jpg
540	1.000000	nohelmet/1503.jpg
94	1.000000	nohelmet/1006.jpg
723	1.000000	nohelmet/1704.jpg
1305	1.000000	nohelmet/704.jpg
50	0.000000	helmet/56.jpg
276	1.000000	nohelmet/121.jpg
1140	1.000000	nohelmet/512.jpg
677	1.000000	nohelmet/1652.jpg
214	1.000000	nohelmet/1146.jpg
903	1.000000	nohelmet/248.jpg
408	1.000000	nohelmet/1353.jpg
1287	1.000000	nohelmet/684.jpg
534	1.000000	nohelmet/1497.jpg
125	1.000000	nohelmet/1043.jpg
1369	1.000000	nohelmet/781.jpg
78	0.000000	helmet/87.jpg
1518	1.000000	nohelmet/942.jpg
1561	1.000000	nohelmet/998.jpg
367	1.000000	nohelmet/1308.jpg
608	1.000000	nohelmet/1573.jpg
1496	1.000000	nohelmet/917.jpg
638	1.000000	nohelmet/1608.jpg
1088	1.000000	nohelmet/450.jpg
1311	1.000000	nohelmet/710.jpg
1005	1.000000	nohelmet/360.jpg
141	1.000000	nohelmet/1059.jpg
1522	1.000000	nohelmet/949.jpg
260	1.000000	nohelmet/1191.jpg
421	1.000000	nohelmet/1366.jpg
1186	1.000000	nohelmet/564.jpg
688	1.000000	nohelmet/1665.jpg
673	1.000000	nohelmet/1649.jpg
726	1.000000	nohelmet/1709.jpg
856	1.000000	nohelmet/192.jpg
776	1.000000	nohelmet/1765.jpg
381	1.000000	nohelmet/1323.jpg
651	1.000000	nohelmet/1626.jpg
34	0.000000	helmet/4.jpg
1378	1.000000	nohelmet/791.jpg
1003	1.000000	nohelmet/358.jpg
595	1.000000	nohelmet/1559.jpg
0	0.000000	helmet/10.jpg
792	1.000000	nohelmet/1783.jpg
1372	1.000000	nohelmet/785.jpg
864	1.000000	nohelmet/202.jpg
151	1.000000	nohelmet/107.jpg
570	1.000000	nohelmet/1534.jpg
835	1.000000	nohelmet/1830.jpg
1492	1.000000	nohelmet/913.jpg
712	1.000000	nohelmet/1694.jpg
1243	1.000000	nohelmet/624.jpg
978	1.000000	nohelmet/334.jpg
333	1.000000	nohelmet/1267.jpg
1455	1.000000	nohelmet/874.jpg
547	1.000000	nohelmet/151.jpg
1341	1.000000	nohelmet/750.jpg
457	1.000000	nohelmet/1404.jpg
1165	1.000000	nohelmet/541.jpg
232	1.000000	nohelmet/1164.jpg
1048	1.000000	nohelmet/406.jpg
453	1.000000	nohelmet/140.jpg
1340	1.000000	nohelmet/75.jpg
1505	1.000000	nohelmet/929.jpg
876	1.000000	nohelmet/214.jpg
1041	1.000000	nohelmet/4.jpg
41	0.000000	helmet/47.jpg
1468	1.000000	nohelmet/886.jpg
1044	1.000000	nohelmet/402.jpg
65	0.000000	helmet/71.jpg
1415	1.000000	nohelmet/830.jpg
1509	1.000000	nohelmet/932.jpg
1422	1.000000	nohelmet/837.jpg
796	1.000000	nohelmet/1788.jpg
787	1.000000	nohelmet/1778.jpg
795	1.000000	nohelmet/1787.jpg
607	1.000000	nohelmet/1572.jpg
1538	1.000000	nohelmet/97.jpg
1530	1.000000	nohelmet/96.jpg
354	1.000000	nohelmet/1294.jpg
969	1.000000	nohelmet/324.jpg
1477	1.000000	nohelmet/898.jpg
292	1.000000	nohelmet/1226.jpg
497	1.000000	nohelmet/1452.jpg
1439	1.000000	nohelmet/856.jpg
821	1.000000	nohelmet/1813.jpg
51	0.000000	helmet/57.jpg
18	0.000000	helmet/2.jpg
797	1.000000	nohelmet/1789.jpg
586	1.000000	nohelmet/1549.jpg
420	1.000000	nohelmet/1365.jpg
1535	1.000000	nohelmet/967.jpg
968	1.000000	nohelmet/323.jpg
1320	1.000000	nohelmet/720.jpg
1001	1.000000	nohelmet/356.jpg
1507	1.000000	nohelmet/930.jpg
1420	1.000000	nohelmet/835.jpg
588	1.000000	nohelmet/1550.jpg
1402	1.000000	nohelmet/817.jpg
1370	1.000000	nohelmet/782.jpg
1112	1.000000	nohelmet/478.jpg
590	1.000000	nohelmet/1554.jpg
3	0.000000	helmet/104.jpg
754	1.000000	nohelmet/1739.jpg
921	1.000000	nohelmet/27.jpg
1548	1.000000	nohelmet/983.jpg
1555	1.000000	nohelmet/991.jpg
888	1.000000	nohelmet/229.jpg
363	1.000000	nohelmet/1304.jpg
1350	1.000000	nohelmet/760.jpg
679	1.000000	nohelmet/1654.jpg
809	1.000000	nohelmet/1801.jpg
1119	1.000000	nohelmet/491.jpg
1259	1.000000	nohelmet/648.jpg
831	1.000000	nohelmet/1825.jpg
318	1.000000	nohelmet/1253.jpg
1491	1.000000	nohelmet/912.jpg
174	1.000000	nohelmet/1096.jpg
1084	1.000000	nohelmet/445.jpg
1392	1.000000	nohelmet/806.jpg
1004	1.000000	nohelmet/36.jpg
185	1.000000	nohelmet/1108.jpg
176	1.000000	nohelmet/1099.jpg
373	1.000000	nohelmet/1315.jpg
637	1.000000	nohelmet/1607.jpg
1015	1.000000	nohelmet/370.jpg
87	1.000000	nohelmet/10.jpg
569	1.000000	nohelmet/1533.jpg
1550	1.000000	nohelmet/985.jpg
981	1.000000	nohelmet/337.jpg
1227	1.000000	nohelmet/607.jpg
1525	1.000000	nohelmet/953.jpg
202	1.000000	nohelmet/1130.jpg
1096	1.000000	nohelmet/460.jpg
166	1.000000	nohelmet/1089.jpg
551	1.000000	nohelmet/1515.jpg
9	0.000000	helmet/110.jpg
1250	1.000000	nohelmet/636.jpg
1479	1.000000	nohelmet/90.jpg
1173	1.000000	nohelmet/55.jpg
478	1.000000	nohelmet/1428.jpg
632	1.000000	nohelmet/1601.jpg
766	1.000000	nohelmet/1755.jpg
324	1.000000	nohelmet/1259.jpg
589	1.000000	nohelmet/1552.jpg
1042	1.000000	nohelmet/40.jpg
148	1.000000	nohelmet/1067.jpg
1231	1.000000	nohelmet/610.jpg
704	1.000000	nohelmet/1683.jpg
975	1.000000	nohelmet/330.jpg
559	1.000000	nohelmet/1523.jpg
93	1.000000	nohelmet/1005.jpg
832	1.000000	nohelmet/1826.jpg
1540	1.000000	nohelmet/971.jpg
1456	1.000000	nohelmet/875.jpg
988	1.000000	nohelmet/343.jpg
573	1.000000	nohelmet/1537.jpg
38	0.000000	helmet/43.jpg
165	1.000000	nohelmet/1087.jpg
503	1.000000	nohelmet/146.jpg
157	1.000000	nohelmet/1077.jpg
361	1.000000	nohelmet/1302.jpg
432	1.000000	nohelmet/1377.jpg
1086	1.000000	nohelmet/447.jpg
199	1.000000	nohelmet/1126.jpg
1022	1.000000	nohelmet/379.jpg
505	1.000000	nohelmet/1463.jpg
836	1.000000	nohelmet/1831.jpg
818	1.000000	nohelmet/181.jpg
1472	1.000000	nohelmet/891.jpg
696	1.000000	nohelmet/1675.jpg
1251	1.000000	nohelmet/637.jpg
258	1.000000	nohelmet/119.jpg
1418	1.000000	nohelmet/833.jpg
664	1.000000	nohelmet/164.jpg
744	1.000000	nohelmet/1727.jpg
814	1.000000	nohelmet/1806.jpg
1093	1.000000	nohelmet/457.jpg
591	1.000000	nohelmet/1555.jpg
937	1.000000	nohelmet/284.jpg
528	1.000000	nohelmet/1489.jpg
85	0.000000	helmet/95.jpg
728	1.000000	nohelmet/1710.jpg
152	1.000000	nohelmet/1071.jpg
1423	1.000000	nohelmet/838.jpg
1021	1.000000	nohelmet/376.jpg
542	1.000000	nohelmet/1505.jpg
80	0.000000	helmet/89.jpg
690	1.000000	nohelmet/1667.jpg
955	1.000000	nohelmet/305.jpg
44	0.000000	helmet/50.jpg
826	1.000000	nohelmet/1818.jpg
488	1.000000	nohelmet/1441.jpg
1061	1.000000	nohelmet/418.jpg
438	1.000000	nohelmet/1384.jpg
758	1.000000	nohelmet/1743.jpg
1213	1.000000	nohelmet/590.jpg
347	1.000000	nohelmet/1285.jpg
1241	1.000000	nohelmet/621.jpg
1430	1.000000	nohelmet/848.jpg
190	1.000000	nohelmet/1113.jpg
851	1.000000	nohelmet/187.jpg
1501	1.000000	nohelmet/923.jpg
360	1.000000	nohelmet/1301.jpg
1215	1.000000	nohelmet/593.jpg
493	1.000000	nohelmet/1448.jpg
545	1.000000	nohelmet/1508.jpg
56	0.000000	helmet/62.jpg
1448	1.000000	nohelmet/867.jpg
532	1.000000	nohelmet/1494.jpg
802	1.000000	nohelmet/1793.jpg
819	1.000000	nohelmet/1810.jpg
1299	1.000000	nohelmet/7.jpg
445	1.000000	nohelmet/1390.jpg
518	1.000000	nohelmet/1475.jpg
544	1.000000	nohelmet/1507.jpg
419	1.000000	nohelmet/1364.jpg
1519	1.000000	nohelmet/943.jpg
892	1.000000	nohelmet/232.jpg
398	1.000000	nohelmet/1342.jpg
317	1.000000	nohelmet/1252.jpg
781	1.000000	nohelmet/1770.jpg
870	1.000000	nohelmet/209.jpg
124	1.000000	nohelmet/1042.jpg
1018	1.000000	nohelmet/373.jpg
170	1.000000	nohelmet/1092.jpg
14	0.000000	helmet/16.jpg
1265	1.000000	nohelmet/655.jpg
1521	1.000000	nohelmet/948.jpg
1487	1.000000	nohelmet/909.jpg
86	0.000000	helmet/97.jpg
967	1.000000	nohelmet/322.jpg
1513	1.000000	nohelmet/938.jpg
1063	1.000000	nohelmet/42.jpg
1541	1.000000	nohelmet/972.jpg
32	0.000000	helmet/37.jpg
908	1.000000	nohelmet/252.jpg
226	1.000000	nohelmet/1158.jpg
312	1.000000	nohelmet/1248.jpg
548	1.000000	nohelmet/1510.jpg
643	1.000000	nohelmet/1617.jpg
1537	1.000000	nohelmet/969.jpg
645	1.000000	nohelmet/1619.jpg
1310	1.000000	nohelmet/71.jpg
167	1.000000	nohelmet/109.jpg
867	1.000000	nohelmet/205.jpg
1235	1.000000	nohelmet/615.jpg
314	1.000000	nohelmet/125.jpg
1222	1.000000	nohelmet/601.jpg
702	1.000000	nohelmet/1681.jpg
320	1.000000	nohelmet/1255.jpg
180	1.000000	nohelmet/1103.jpg
666	1.000000	nohelmet/1642.jpg
393	1.000000	nohelmet/1337.jpg
896	1.000000	nohelmet/239.jpg
624	1.000000	nohelmet/1592.jpg
627	1.000000	nohelmet/1598.jpg
212	1.000000	nohelmet/1144.jpg
1481	1.000000	nohelmet/901.jpg
245	1.000000	nohelmet/1178.jpg
657	1.000000	nohelmet/1632.jpg
751	1.000000	nohelmet/1736.jpg
1364	1.000000	nohelmet/776.jpg
1557	1.000000	nohelmet/993.jpg
22	0.000000	helmet/24.jpg
948	1.000000	nohelmet/297.jpg
476	1.000000	nohelmet/1426.jpg
1184	1.000000	nohelmet/561.jpg
81	0.000000	helmet/90.jpg
376	1.000000	nohelmet/1318.jpg
218	1.000000	nohelmet/1150.jpg
1073	1.000000	nohelmet/430.jpg
1441	1.000000	nohelmet/858.jpg
1238	1.000000	nohelmet/618.jpg
60	0.000000	helmet/67.jpg
524	1.000000	nohelmet/1484.jpg
1204	1.000000	nohelmet/581.jpg
1036	1.000000	nohelmet/395.jpg
97	1.000000	nohelmet/1009.jpg
1008	1.000000	nohelmet/363.jpg
416	1.000000	nohelmet/1361.jpg
977	1.000000	nohelmet/332.jpg
1045	1.000000	nohelmet/403.jpg
717	1.000000	nohelmet/17.jpg
979	1.000000	nohelmet/335.jpg
106	1.000000	nohelmet/102.jpg
961	1.000000	nohelmet/312.jpg
256	1.000000	nohelmet/1188.jpg
182	1.000000	nohelmet/1105.jpg
1122	1.000000	nohelmet/495.jpg
231	1.000000	nohelmet/1163.jpg
1037	1.000000	nohelmet/396.jpg
460	1.000000	nohelmet/1408.jpg
29	0.000000	helmet/33.jpg
71	0.000000	helmet/79.jpg
468	1.000000	nohelmet/1418.jpg
713	1.000000	nohelmet/1695.jpg
464	1.000000	nohelmet/1413.jpg
576	1.000000	nohelmet/154.jpg
966	1.000000	nohelmet/320.jpg
237	1.000000	nohelmet/117.jpg
661	1.000000	nohelmet/1636.jpg
992	1.000000	nohelmet/347.jpg
1435	1.000000	nohelmet/852.jpg
777	1.000000	nohelmet/1767.jpg
1158	1.000000	nohelmet/533.jpg
733	1.000000	nohelmet/1716.jpg
348	1.000000	nohelmet/1286.jpg
300	1.000000	nohelmet/1236.jpg
1324	1.000000	nohelmet/725.jpg
1135	1.000000	nohelmet/506.jpg
287	1.000000	nohelmet/1221.jpg
1498	1.000000	nohelmet/919.jpg
1160	1.000000	nohelmet/535.jpg
1136	1.000000	nohelmet/507.jpg
195	1.000000	nohelmet/1118.jpg
1330	1.000000	nohelmet/734.jpg
601	1.000000	nohelmet/1567.jpg
181	1.000000	nohelmet/1104.jpg
217	1.000000	nohelmet/115.jpg
984	1.000000	nohelmet/34.jpg
316	1.000000	nohelmet/1251.jpg
1514	1.000000	nohelmet/939.jpg
40	0.000000	helmet/46.jpg
852	1.000000	nohelmet/188.jpg
904	1.000000	nohelmet/249.jpg
95	1.000000	nohelmet/1007.jpg
142	1.000000	nohelmet/106.jpg
179	1.000000	nohelmet/1102.jpg
719	1.000000	nohelmet/1700.jpg
880	1.000000	nohelmet/220.jpg
938	1.000000	nohelmet/285.jpg
805	1.000000	nohelmet/1797.jpg
1382	1.000000	nohelmet/795.jpg
456	1.000000	nohelmet/1403.jpg
1261	1.000000	nohelmet/65.jpg
1185	1.000000	nohelmet/563.jpg
1322	1.000000	nohelmet/723.jpg
257	1.000000	nohelmet/1189.jpg
616	1.000000	nohelmet/1583.jpg
227	1.000000	nohelmet/1159.jpg
1033	1.000000	nohelmet/392.jpg
1196	1.000000	nohelmet/574.jpg
1197	1.000000	nohelmet/575.jpg
1474	1.000000	nohelmet/893.jpg
278	1.000000	nohelmet/1211.jpg
1296	1.000000	nohelmet/696.jpg
936	1.000000	nohelmet/283.jpg
1280	1.000000	nohelmet/674.jpg
149	1.000000	nohelmet/1068.jpg
554	1.000000	nohelmet/1518.jpg
1125	1.000000	nohelmet/498.jpg
1180	1.000000	nohelmet/557.jpg
1230	1.000000	nohelmet/61.jpg
1424	1.000000	nohelmet/84.jpg
435	1.000000	nohelmet/1380.jpg
400	1.000000	nohelmet/1344.jpg
914	1.000000	nohelmet/261.jpg
782	1.000000	nohelmet/1771.jpg
779	1.000000	nohelmet/1769.jpg
1558	1.000000	nohelmet/994.jpg
811	1.000000	nohelmet/1803.jpg
1039	1.000000	nohelmet/398.jpg
654	1.000000	nohelmet/1629.jpg
27	0.000000	helmet/29.jpg
6	0.000000	helmet/107.jpg
325	1.000000	nohelmet/126.jpg
294	1.000000	nohelmet/1229.jpg
1502	1.000000	nohelmet/924.jpg
721	1.000000	nohelmet/1702.jpg
1264	1.000000	nohelmet/653.jpg
46	0.000000	helmet/52.jpg
171	1.000000	nohelmet/1093.jpg
377	1.000000	nohelmet/132.jpg
69	0.000000	helmet/77.jpg
909	1.000000	nohelmet/253.jpg
663	1.000000	nohelmet/1638.jpg
722	1.000000	nohelmet/1703.jpg
1466	1.000000	nohelmet/884.jpg
177	1.000000	nohelmet/11.jpg
47	0.000000	helmet/53.jpg
1531	1.000000	nohelmet/960.jpg
1316	1.000000	nohelmet/715.jpg
1319	1.000000	nohelmet/719.jpg
610	1.000000	nohelmet/1576.jpg
449	1.000000	nohelmet/1396.jpg
163	1.000000	nohelmet/1085.jpg
1338	1.000000	nohelmet/748.jpg
19	0.000000	helmet/20.jpg
824	1.000000	nohelmet/1816.jpg
475	1.000000	nohelmet/1425.jpg
603	1.000000	nohelmet/1569.jpg
1143	1.000000	nohelmet/518.jpg
1510	1.000000	nohelmet/933.jpg
77	0.000000	helmet/86.jpg
623	1.000000	nohelmet/1591.jpg
1380	1.000000	nohelmet/793.jpg
5	0.000000	helmet/106.jpg
555	1.000000	nohelmet/1519.jpg
799	1.000000	nohelmet/1790.jpg
1421	1.000000	nohelmet/836.jpg
466	1.000000	nohelmet/1415.jpg
390	1.000000	nohelmet/1334.jpg
194	1.000000	nohelmet/1117.jpg
533	1.000000	nohelmet/1495.jpg
1434	1.000000	nohelmet/851.jpg
550	1.000000	nohelmet/1512.jpg
1224	1.000000	nohelmet/604.jpg
158	1.000000	nohelmet/1078.jpg
845	1.000000	nohelmet/1840.jpg
427	1.000000	nohelmet/1371.jpg
297	1.000000	nohelmet/1233.jpg
855	1.000000	nohelmet/190.jpg
514	1.000000	nohelmet/1471.jpg
1187	1.000000	nohelmet/566.jpg
1242	1.000000	nohelmet/623.jpg
397	1.000000	nohelmet/1340.jpg
1072	1.000000	nohelmet/43.jpg
930	1.000000	nohelmet/278.jpg
1488	1.000000	nohelmet/91.jpg
922	1.000000	nohelmet/270.jpg
971	1.000000	nohelmet/326.jpg
873	1.000000	nohelmet/211.jpg
1107	1.000000	nohelmet/471.jpg
75	0.000000	helmet/83.jpg
823	1.000000	nohelmet/1815.jpg
1408	1.000000	nohelmet/822.jpg
136	1.000000	nohelmet/1054.jpg
515	1.000000	nohelmet/1472.jpg
251	1.000000	nohelmet/1183.jpg
184	1.000000	nohelmet/1107.jpg
1313	1.000000	nohelmet/712.jpg
433	1.000000	nohelmet/1379.jpg
286	1.000000	nohelmet/122.jpg
1426	1.000000	nohelmet/842.jpg
193	1.000000	nohelmet/1116.jpg
322	1.000000	nohelmet/1257.jpg
509	1.000000	nohelmet/1467.jpg
405	1.000000	nohelmet/135.jpg
96	1.000000	nohelmet/1008.jpg
970	1.000000	nohelmet/325.jpg
101	1.000000	nohelmet/1014.jpg
329	1.000000	nohelmet/1263.jpg
911	1.000000	nohelmet/255.jpg
79	0.000000	helmet/88.jpg
1116	1.000000	nohelmet/486.jpg
976	1.000000	nohelmet/331.jpg
1317	1.000000	nohelmet/716.jpg
1351	1.000000	nohelmet/761.jpg
1266	1.000000	nohelmet/656.jpg
310	1.000000	nohelmet/1245.jpg
1388	1.000000	nohelmet/802.jpg
820	1.000000	nohelmet/1812.jpg
213	1.000000	nohelmet/1145.jpg
798	1.000000	nohelmet/179.jpg
89	1.000000	nohelmet/1000.jpg
428	1.000000	nohelmet/1372.jpg
1457	1.000000	nohelmet/876.jpg
243	1.000000	nohelmet/1176.jpg
1075	1.000000	nohelmet/434.jpg
1512	1.000000	nohelmet/937.jpg
973	1.000000	nohelmet/328.jpg
233	1.000000	nohelmet/1165.jpg
1493	1.000000	nohelmet/914.jpg
25	0.000000	helmet/27.jpg
1546	1.000000	nohelmet/981.jpg
683	1.000000	nohelmet/166.jpg
731	1.000000	nohelmet/1714.jpg
1163	1.000000	nohelmet/54.jpg
1332	1.000000	nohelmet/738.jpg
443	1.000000	nohelmet/1389.jpg
1272	1.000000	nohelmet/664.jpg
1074	1.000000	nohelmet/432.jpg
634	1.000000	nohelmet/1603.jpg
448	1.000000	nohelmet/1395.jpg
1219	1.000000	nohelmet/598.jpg
103	1.000000	nohelmet/1016.jpg
247	1.000000	nohelmet/118.jpg
1425	1.000000	nohelmet/841.jpg
1446	1.000000	nohelmet/864.jpg
563	1.000000	nohelmet/1527.jpg
111	1.000000	nohelmet/1025.jpg
337	1.000000	nohelmet/1270.jpg
669	1.000000	nohelmet/1645.jpg
1198	1.000000	nohelmet/576.jpg
1384	1.000000	nohelmet/797.jpg
119	1.000000	nohelmet/1037.jpg
301	1.000000	nohelmet/1237.jpg
520	1.000000	nohelmet/1479.jpg
1193	1.000000	nohelmet/571.jpg
1010	1.000000	nohelmet/365.jpg
1051	1.000000	nohelmet/409.jpg
895	1.000000	nohelmet/237.jpg
1463	1.000000	nohelmet/881.jpg
1447	1.000000	nohelmet/866.jpg
491	1.000000	nohelmet/1445.jpg
517	1.000000	nohelmet/1474.jpg
889	1.000000	nohelmet/23.jpg
1334	1.000000	nohelmet/742.jpg
614	1.000000	nohelmet/158.jpg
207	1.000000	nohelmet/1137.jpg
126	1.000000	nohelmet/1044.jpg
822	1.000000	nohelmet/1814.jpg
990	1.000000	nohelmet/345.jpg
743	1.000000	nohelmet/1726.jpg
1110	1.000000	nohelmet/475.jpg
703	1.000000	nohelmet/1682.jpg
1396	1.000000	nohelmet/81.jpg
1081	1.000000	nohelmet/440.jpg
693	1.000000	nohelmet/167.jpg
1209	1.000000	nohelmet/587.jpg
1412	1.000000	nohelmet/828.jpg
593	1.000000	nohelmet/1557.jpg
1462	1.000000	nohelmet/880.jpg
1552	1.000000	nohelmet/987.jpg
1267	1.000000	nohelmet/657.jpg
1469	1.000000	nohelmet/889.jpg
506	1.000000	nohelmet/1464.jpg
1247	1.000000	nohelmet/631.jpg
107	1.000000	nohelmet/1020.jpg
1134	1.000000	nohelmet/505.jpg
1277	1.000000	nohelmet/670.jpg
259	1.000000	nohelmet/1190.jpg
793	1.000000	nohelmet/1784.jpg
1306	1.000000	nohelmet/706.jpg
917	1.000000	nohelmet/264.jpg
485	1.000000	nohelmet/1436.jpg
1363	1.000000	nohelmet/775.jpg
53	0.000000	helmet/59.jpg
342	1.000000	nohelmet/1276.jpg
394	1.000000	nohelmet/1338.jpg
332	1.000000	nohelmet/1266.jpg
1159	1.000000	nohelmet/534.jpg
302	1.000000	nohelmet/1238.jpg
810	1.000000	nohelmet/1802.jpg
1234	1.000000	nohelmet/613.jpg
11	0.000000	helmet/117.jpg
369	1.000000	nohelmet/131.jpg
254	1.000000	nohelmet/1186.jpg
1307	1.000000	nohelmet/707.jpg
1328	1.000000	nohelmet/732.jpg
328	1.000000	nohelmet/1262.jpg
768	1.000000	nohelmet/1757.jpg
564	1.000000	nohelmet/1528.jpg
1137	1.000000	nohelmet/51.jpg
944	1.000000	nohelmet/292.jpg
825	1.000000	nohelmet/1817.jpg
431	1.000000	nohelmet/1376.jpg
839	1.000000	nohelmet/1834.jpg
1282	1.000000	nohelmet/679.jpg
757	1.000000	nohelmet/1742.jpg
710	1.000000	nohelmet/1690.jpg
386	1.000000	nohelmet/1330.jpg
288	1.000000	nohelmet/1222.jpg
365	1.000000	nohelmet/1306.jpg
417	1.000000	nohelmet/1362.jpg
633	1.000000	nohelmet/1602.jpg
470	1.000000	nohelmet/1420.jpg
686	1.000000	nohelmet/1662.jpg
418	1.000000	nohelmet/1363.jpg
1326	1.000000	nohelmet/73.jpg
1349	1.000000	nohelmet/76.jpg
98	1.000000	nohelmet/101.jpg
539	1.000000	nohelmet/1502.jpg
933	1.000000	nohelmet/280.jpg
1508	1.000000	nohelmet/931.jpg
164	1.000000	nohelmet/1086.jpg
248	1.000000	nohelmet/1180.jpg
1091	1.000000	nohelmet/455.jpg
225	1.000000	nohelmet/1157.jpg
1038	1.000000	nohelmet/397.jpg
887	1.000000	nohelmet/228.jpg
716	1.000000	nohelmet/1699.jpg
1499	1.000000	nohelmet/920.jpg
804	1.000000	nohelmet/1795.jpg
1444	1.000000	nohelmet/860.jpg
357	1.000000	nohelmet/1297.jpg
931	1.000000	nohelmet/279.jpg
941	1.000000	nohelmet/289.jpg
298	1.000000	nohelmet/1234.jpg
